2026-02-25 16:35:33 [main] INFO  o.testcontainers.images.PullPolicy - Image pull policy will be performed by: DefaultPullPolicy()
2026-02-25 16:35:33 [main] INFO  o.t.utility.ImageNameSubstitutor - Image name substitution will be performed by: DefaultImageNameSubstitutor (composite of 'ConfigurationFileImageNameSubstitutor' and 'PrefixingImageNameSubstitutor')
2026-02-25 16:35:33 [main] INFO  o.testcontainers.DockerClientFactory - Testcontainers version: 2.0.2
2026-02-25 16:35:34 [main] INFO  o.t.d.DockerClientProviderStrategy - Loaded org.testcontainers.dockerclient.UnixSocketClientProviderStrategy from ~/.testcontainers.properties, will try it first
2026-02-25 16:35:34 [main] INFO  o.t.d.DockerClientProviderStrategy - Found Docker environment with local Unix socket (unix:///var/run/docker.sock)
2026-02-25 16:35:34 [main] INFO  o.testcontainers.DockerClientFactory - Docker host IP address is localhost
2026-02-25 16:35:34 [main] INFO  o.testcontainers.DockerClientFactory - Connected to docker: 
  Server Version: 29.2.0
  API Version: 1.53
  Operating System: EndeavourOS
  Total Memory: 63743 MB
2026-02-25 16:35:34 [main] INFO  tc.testcontainers/ryuk:0.13.0 - Creating container for image: testcontainers/ryuk:0.13.0
2026-02-25 16:35:34 [main] INFO  tc.testcontainers/ryuk:0.13.0 - Container testcontainers/ryuk:0.13.0 is starting: daa57221a231fd4a5727d985ac4fec4975dfa9b6d9975280293b885376548afd
2026-02-25 16:35:34 [main] INFO  tc.testcontainers/ryuk:0.13.0 - Container testcontainers/ryuk:0.13.0 started in PT0.363395937S
2026-02-25 16:35:34 [main] INFO  o.t.utility.RyukResourceReaper - Ryuk started - will monitor and terminate Testcontainers containers on JVM exit
2026-02-25 16:35:34 [main] INFO  o.testcontainers.DockerClientFactory - Checking the system...
2026-02-25 16:35:34 [main] INFO  o.testcontainers.DockerClientFactory - ✔︎ Docker server version should be at least 1.6.0
2026-02-25 16:35:34 [main] INFO  t.g.io/epos-eric/metadata-database/deploy:main - Creating container for image: ghcr.io/epos-eric/metadata-database/deploy:main
2026-02-25 16:35:34 [main] INFO  t.g.io/epos-eric/metadata-database/deploy:main - Container ghcr.io/epos-eric/metadata-database/deploy:main is starting: e8f6a64e00d3bebad159f58cba76ab5761db279a6571d52a2cca0157bc49342a
2026-02-25 16:35:38 [main] INFO  t.g.io/epos-eric/metadata-database/deploy:main - Container ghcr.io/epos-eric/metadata-database/deploy:main started in PT3.587825813S
2026-02-25 16:35:38 [main] INFO  t.g.io/epos-eric/metadata-database/deploy:main - Container is started (JDBC URL: jdbc:postgresql://localhost:32787/cerif?loggerLevel=OFF)
2026-02-25 16:35:38 [main] INFO  com.zaxxer.hikari.HikariDataSource - metadata_catalogue - Starting...
2026-02-25 16:35:38 [main] INFO  com.zaxxer.hikari.pool.HikariPool - metadata_catalogue - Added connection org.postgresql.jdbc.PgConnection@444f44c5
2026-02-25 16:35:38 [main] INFO  com.zaxxer.hikari.HikariDataSource - metadata_catalogue - Start completed.
2026-02-25 16:35:38 [main] INFO  com.zaxxer.hikari.HikariDataSource - metadata_catalogue - Shutdown initiated...
2026-02-25 16:35:38 [main] INFO  com.zaxxer.hikari.HikariDataSource - metadata_catalogue - Shutdown completed.
