2026-01-26 15:43:37 [main] INFO  com.zaxxer.hikari.HikariDataSource - metadata_catalogue - Starting...
2026-01-26 15:43:54 [main] INFO  o.testcontainers.images.PullPolicy - Image pull policy will be performed by: DefaultPullPolicy()
2026-01-26 15:43:54 [main] INFO  o.t.utility.ImageNameSubstitutor - Image name substitution will be performed by: DefaultImageNameSubstitutor (composite of 'ConfigurationFileImageNameSubstitutor' and 'PrefixingImageNameSubstitutor')
2026-01-26 15:43:54 [main] INFO  o.testcontainers.DockerClientFactory - Testcontainers version: 2.0.2
2026-01-26 15:43:54 [main] INFO  o.t.d.DockerClientProviderStrategy - Loaded org.testcontainers.dockerclient.UnixSocketClientProviderStrategy from ~/.testcontainers.properties, will try it first
2026-01-26 15:43:55 [main] INFO  o.t.d.DockerClientProviderStrategy - Found Docker environment with local Unix socket (unix:///var/run/docker.sock)
2026-01-26 15:43:55 [main] INFO  o.testcontainers.DockerClientFactory - Docker host IP address is localhost
2026-01-26 15:43:55 [main] INFO  o.testcontainers.DockerClientFactory - Connected to docker: 
  Server Version: 29.1.3
  API Version: 1.52
  Operating System: EndeavourOS
  Total Memory: 63743 MB
2026-01-26 15:43:55 [main] INFO  tc.testcontainers/ryuk:0.13.0 - Creating container for image: testcontainers/ryuk:0.13.0
2026-01-26 15:43:55 [main] INFO  tc.testcontainers/ryuk:0.13.0 - Container testcontainers/ryuk:0.13.0 is starting: 1c3ea0bb4302c187b3f3e70e4f2fd4582c536e95ba55909f56e194d070872201
2026-01-26 15:43:55 [main] INFO  tc.testcontainers/ryuk:0.13.0 - Container testcontainers/ryuk:0.13.0 started in PT0.321142751S
2026-01-26 15:43:55 [main] INFO  o.t.utility.RyukResourceReaper - Ryuk started - will monitor and terminate Testcontainers containers on JVM exit
2026-01-26 15:43:55 [main] INFO  o.testcontainers.DockerClientFactory - Checking the system...
2026-01-26 15:43:55 [main] INFO  o.testcontainers.DockerClientFactory - ✔︎ Docker server version should be at least 1.6.0
2026-01-26 15:43:55 [main] INFO  t.g.io/epos-eric/metadata-database/deploy:main - Creating container for image: ghcr.io/epos-eric/metadata-database/deploy:main
2026-01-26 15:43:56 [main] INFO  t.g.io/epos-eric/metadata-database/deploy:main - Container ghcr.io/epos-eric/metadata-database/deploy:main is starting: 0c89f637f3a744c926525320596810a5ae75c07e6a03ffc1cbcfaad3f5e7c851
2026-01-26 15:43:59 [main] INFO  t.g.io/epos-eric/metadata-database/deploy:main - Container ghcr.io/epos-eric/metadata-database/deploy:main started in PT3.968638338S
2026-01-26 15:43:59 [main] INFO  t.g.io/epos-eric/metadata-database/deploy:main - Container is started (JDBC URL: jdbc:postgresql://localhost:32769/cerif?loggerLevel=OFF)
2026-01-26 15:43:59 [main] INFO  com.zaxxer.hikari.HikariDataSource - metadata_catalogue - Starting...
2026-01-26 15:44:00 [main] INFO  com.zaxxer.hikari.pool.HikariPool - metadata_catalogue - Added connection org.postgresql.jdbc.PgConnection@414f13fc
2026-01-26 15:44:00 [main] INFO  com.zaxxer.hikari.HikariDataSource - metadata_catalogue - Start completed.
2026-01-26 15:44:05 [main] INFO  com.zaxxer.hikari.HikariDataSource - metadata_catalogue - Shutdown initiated...
2026-01-26 15:44:05 [main] INFO  com.zaxxer.hikari.HikariDataSource - metadata_catalogue - Shutdown completed.
