2026-01-27 10:04:16 [main] INFO  o.testcontainers.images.PullPolicy - Image pull policy will be performed by: DefaultPullPolicy()
2026-01-27 10:04:16 [main] INFO  o.t.utility.ImageNameSubstitutor - Image name substitution will be performed by: DefaultImageNameSubstitutor (composite of 'ConfigurationFileImageNameSubstitutor' and 'PrefixingImageNameSubstitutor')
2026-01-27 10:04:16 [main] INFO  o.testcontainers.DockerClientFactory - Testcontainers version: 2.0.2
2026-01-27 10:04:16 [main] INFO  o.t.d.DockerClientProviderStrategy - Loaded org.testcontainers.dockerclient.UnixSocketClientProviderStrategy from ~/.testcontainers.properties, will try it first
2026-01-27 10:04:16 [main] INFO  o.t.d.DockerClientProviderStrategy - Found Docker environment with local Unix socket (unix:///var/run/docker.sock)
2026-01-27 10:04:16 [main] INFO  o.testcontainers.DockerClientFactory - Docker host IP address is localhost
2026-01-27 10:04:16 [main] INFO  o.testcontainers.DockerClientFactory - Connected to docker: 
  Server Version: 29.1.3
  API Version: 1.52
  Operating System: EndeavourOS
  Total Memory: 63743 MB
2026-01-27 10:04:16 [main] INFO  tc.testcontainers/ryuk:0.13.0 - Creating container for image: testcontainers/ryuk:0.13.0
2026-01-27 10:04:17 [main] INFO  tc.testcontainers/ryuk:0.13.0 - Container testcontainers/ryuk:0.13.0 is starting: 98b9bcb3709f27d1ce506f10135e7b7ac72f96ae6e376e85f7f6cc32e722038c
2026-01-27 10:04:17 [main] INFO  tc.testcontainers/ryuk:0.13.0 - Container testcontainers/ryuk:0.13.0 started in PT0.340226942S
2026-01-27 10:04:17 [main] INFO  o.t.utility.RyukResourceReaper - Ryuk started - will monitor and terminate Testcontainers containers on JVM exit
2026-01-27 10:04:17 [main] INFO  o.testcontainers.DockerClientFactory - Checking the system...
2026-01-27 10:04:17 [main] INFO  o.testcontainers.DockerClientFactory - ✔︎ Docker server version should be at least 1.6.0
2026-01-27 10:04:17 [main] INFO  t.g.io/epos-eric/metadata-database/deploy:main - Creating container for image: ghcr.io/epos-eric/metadata-database/deploy:main
2026-01-27 10:04:17 [main] INFO  t.g.io/epos-eric/metadata-database/deploy:main - Container ghcr.io/epos-eric/metadata-database/deploy:main is starting: 68db5045ff79efa605d74235b7b36fac4bd037cf2b988d73fd3d3c426ee87801
2026-01-27 10:04:21 [main] INFO  t.g.io/epos-eric/metadata-database/deploy:main - Container ghcr.io/epos-eric/metadata-database/deploy:main started in PT3.762354601S
2026-01-27 10:04:21 [main] INFO  t.g.io/epos-eric/metadata-database/deploy:main - Container is started (JDBC URL: jdbc:postgresql://localhost:32769/cerif?loggerLevel=OFF)
2026-01-27 10:04:21 [main] INFO  com.zaxxer.hikari.HikariDataSource - metadata_catalogue - Starting...
2026-01-27 10:04:21 [main] INFO  com.zaxxer.hikari.pool.HikariPool - metadata_catalogue - Added connection org.postgresql.jdbc.PgConnection@1b1c538d
2026-01-27 10:04:21 [main] INFO  com.zaxxer.hikari.HikariDataSource - metadata_catalogue - Start completed.
2026-01-27 10:04:23 [main] INFO  com.zaxxer.hikari.HikariDataSource - metadata_catalogue - Shutdown initiated...
2026-01-27 10:04:23 [main] INFO  com.zaxxer.hikari.HikariDataSource - metadata_catalogue - Shutdown completed.
2026-01-27 10:04:50 [main] INFO  o.testcontainers.images.PullPolicy - Image pull policy will be performed by: DefaultPullPolicy()
2026-01-27 10:04:50 [main] INFO  o.t.utility.ImageNameSubstitutor - Image name substitution will be performed by: DefaultImageNameSubstitutor (composite of 'ConfigurationFileImageNameSubstitutor' and 'PrefixingImageNameSubstitutor')
2026-01-27 10:04:50 [main] INFO  o.testcontainers.DockerClientFactory - Testcontainers version: 2.0.2
2026-01-27 10:04:50 [main] INFO  o.t.d.DockerClientProviderStrategy - Loaded org.testcontainers.dockerclient.UnixSocketClientProviderStrategy from ~/.testcontainers.properties, will try it first
2026-01-27 10:04:51 [main] INFO  o.t.d.DockerClientProviderStrategy - Found Docker environment with local Unix socket (unix:///var/run/docker.sock)
2026-01-27 10:04:51 [main] INFO  o.testcontainers.DockerClientFactory - Docker host IP address is localhost
2026-01-27 10:04:51 [main] INFO  o.testcontainers.DockerClientFactory - Connected to docker: 
  Server Version: 29.1.3
  API Version: 1.52
  Operating System: EndeavourOS
  Total Memory: 63743 MB
2026-01-27 10:04:51 [main] INFO  tc.testcontainers/ryuk:0.13.0 - Creating container for image: testcontainers/ryuk:0.13.0
2026-01-27 10:04:51 [main] INFO  tc.testcontainers/ryuk:0.13.0 - Container testcontainers/ryuk:0.13.0 is starting: 3999bf6f5275d15035d491260dfcffd5f5cfac527338b9951a7e14d2721d6606
2026-01-27 10:04:51 [main] INFO  tc.testcontainers/ryuk:0.13.0 - Container testcontainers/ryuk:0.13.0 started in PT0.304126702S
2026-01-27 10:04:51 [main] INFO  o.t.utility.RyukResourceReaper - Ryuk started - will monitor and terminate Testcontainers containers on JVM exit
2026-01-27 10:04:51 [main] INFO  o.testcontainers.DockerClientFactory - Checking the system...
2026-01-27 10:04:51 [main] INFO  o.testcontainers.DockerClientFactory - ✔︎ Docker server version should be at least 1.6.0
2026-01-27 10:04:51 [main] INFO  t.g.io/epos-eric/metadata-database/deploy:main - Creating container for image: ghcr.io/epos-eric/metadata-database/deploy:main
2026-01-27 10:04:51 [main] INFO  t.g.io/epos-eric/metadata-database/deploy:main - Container ghcr.io/epos-eric/metadata-database/deploy:main is starting: ff0901251dc4156daa2552937ea0f303db2b5e3dfd10250481b0cb6b70587ccf
2026-01-27 10:04:55 [main] INFO  t.g.io/epos-eric/metadata-database/deploy:main - Container ghcr.io/epos-eric/metadata-database/deploy:main started in PT4.211634728S
2026-01-27 10:04:55 [main] INFO  t.g.io/epos-eric/metadata-database/deploy:main - Container is started (JDBC URL: jdbc:postgresql://localhost:32771/cerif?loggerLevel=OFF)
2026-01-27 10:04:55 [main] INFO  com.zaxxer.hikari.HikariDataSource - metadata_catalogue - Starting...
2026-01-27 10:04:55 [main] INFO  com.zaxxer.hikari.pool.HikariPool - metadata_catalogue - Added connection org.postgresql.jdbc.PgConnection@414f13fc
2026-01-27 10:04:55 [main] INFO  com.zaxxer.hikari.HikariDataSource - metadata_catalogue - Start completed.
2026-01-27 10:04:58 [main] INFO  com.zaxxer.hikari.HikariDataSource - metadata_catalogue - Shutdown initiated...
2026-01-27 10:04:58 [main] INFO  com.zaxxer.hikari.HikariDataSource - metadata_catalogue - Shutdown completed.
2026-01-27 16:24:05 [main] INFO  o.testcontainers.images.PullPolicy - Image pull policy will be performed by: DefaultPullPolicy()
2026-01-27 16:24:05 [main] INFO  o.t.utility.ImageNameSubstitutor - Image name substitution will be performed by: DefaultImageNameSubstitutor (composite of 'ConfigurationFileImageNameSubstitutor' and 'PrefixingImageNameSubstitutor')
2026-01-27 16:24:05 [main] INFO  o.testcontainers.DockerClientFactory - Testcontainers version: 2.0.2
2026-01-27 16:24:05 [main] INFO  o.t.d.DockerClientProviderStrategy - Loaded org.testcontainers.dockerclient.UnixSocketClientProviderStrategy from ~/.testcontainers.properties, will try it first
2026-01-27 16:24:06 [main] INFO  o.t.d.DockerClientProviderStrategy - Found Docker environment with local Unix socket (unix:///var/run/docker.sock)
2026-01-27 16:24:06 [main] INFO  o.testcontainers.DockerClientFactory - Docker host IP address is localhost
2026-01-27 16:24:06 [main] INFO  o.testcontainers.DockerClientFactory - Connected to docker: 
  Server Version: 29.1.3
  API Version: 1.52
  Operating System: EndeavourOS
  Total Memory: 63743 MB
2026-01-27 16:24:06 [main] INFO  tc.testcontainers/ryuk:0.13.0 - Creating container for image: testcontainers/ryuk:0.13.0
2026-01-27 16:24:06 [main] INFO  tc.testcontainers/ryuk:0.13.0 - Container testcontainers/ryuk:0.13.0 is starting: 1776b5cd665fa275cae14dca06591bc05f2ba8bc6314fe5966662930376f41bd
2026-01-27 16:24:06 [main] INFO  tc.testcontainers/ryuk:0.13.0 - Container testcontainers/ryuk:0.13.0 started in PT0.510209158S
2026-01-27 16:24:06 [main] INFO  o.t.utility.RyukResourceReaper - Ryuk started - will monitor and terminate Testcontainers containers on JVM exit
2026-01-27 16:24:06 [main] INFO  o.testcontainers.DockerClientFactory - Checking the system...
2026-01-27 16:24:06 [main] INFO  o.testcontainers.DockerClientFactory - ✔︎ Docker server version should be at least 1.6.0
2026-01-27 16:24:06 [main] INFO  t.g.io/epos-eric/metadata-database/deploy:main - Creating container for image: ghcr.io/epos-eric/metadata-database/deploy:main
2026-01-27 16:24:07 [main] INFO  t.g.io/epos-eric/metadata-database/deploy:main - Container ghcr.io/epos-eric/metadata-database/deploy:main is starting: b3be18bb8a4e3eea7a78791299f3ae5387bce8418d75abac46f1d06a03b93efe
2026-01-27 16:24:13 [main] INFO  t.g.io/epos-eric/metadata-database/deploy:main - Container ghcr.io/epos-eric/metadata-database/deploy:main started in PT6.745756189S
2026-01-27 16:24:13 [main] INFO  t.g.io/epos-eric/metadata-database/deploy:main - Container is started (JDBC URL: jdbc:postgresql://localhost:32817/cerif?loggerLevel=OFF)
2026-01-27 16:24:13 [main] INFO  com.zaxxer.hikari.HikariDataSource - metadata_catalogue - Starting...
2026-01-27 16:24:14 [main] INFO  com.zaxxer.hikari.pool.HikariPool - metadata_catalogue - Added connection org.postgresql.jdbc.PgConnection@6cd64b3f
2026-01-27 16:24:14 [main] INFO  com.zaxxer.hikari.HikariDataSource - metadata_catalogue - Start completed.
2026-01-27 16:24:20 [main] INFO  com.zaxxer.hikari.HikariDataSource - metadata_catalogue - Shutdown initiated...
2026-01-27 16:24:20 [main] INFO  com.zaxxer.hikari.HikariDataSource - metadata_catalogue - Shutdown completed.
2026-01-27 16:39:12 [main] INFO  o.testcontainers.images.PullPolicy - Image pull policy will be performed by: DefaultPullPolicy()
2026-01-27 16:39:12 [main] INFO  o.t.utility.ImageNameSubstitutor - Image name substitution will be performed by: DefaultImageNameSubstitutor (composite of 'ConfigurationFileImageNameSubstitutor' and 'PrefixingImageNameSubstitutor')
2026-01-27 16:39:12 [main] INFO  o.testcontainers.DockerClientFactory - Testcontainers version: 2.0.2
2026-01-27 16:39:13 [main] INFO  o.t.d.DockerClientProviderStrategy - Loaded org.testcontainers.dockerclient.UnixSocketClientProviderStrategy from ~/.testcontainers.properties, will try it first
2026-01-27 16:39:13 [main] INFO  o.t.d.DockerClientProviderStrategy - Found Docker environment with local Unix socket (unix:///var/run/docker.sock)
2026-01-27 16:39:13 [main] INFO  o.testcontainers.DockerClientFactory - Docker host IP address is localhost
2026-01-27 16:39:13 [main] INFO  o.testcontainers.DockerClientFactory - Connected to docker: 
  Server Version: 29.1.3
  API Version: 1.52
  Operating System: EndeavourOS
  Total Memory: 63743 MB
2026-01-27 16:39:13 [main] INFO  tc.testcontainers/ryuk:0.13.0 - Creating container for image: testcontainers/ryuk:0.13.0
2026-01-27 16:39:14 [main] INFO  tc.testcontainers/ryuk:0.13.0 - Container testcontainers/ryuk:0.13.0 is starting: 51c423862e7ea47b45e5466564684e9c9b468af703b89766f5861c37e4258a0c
2026-01-27 16:39:14 [main] INFO  tc.testcontainers/ryuk:0.13.0 - Container testcontainers/ryuk:0.13.0 started in PT0.530611517S
2026-01-27 16:39:14 [main] INFO  o.t.utility.RyukResourceReaper - Ryuk started - will monitor and terminate Testcontainers containers on JVM exit
2026-01-27 16:39:14 [main] INFO  o.testcontainers.DockerClientFactory - Checking the system...
2026-01-27 16:39:14 [main] INFO  o.testcontainers.DockerClientFactory - ✔︎ Docker server version should be at least 1.6.0
2026-01-27 16:39:14 [main] INFO  t.g.io/epos-eric/metadata-database/deploy:main - Creating container for image: ghcr.io/epos-eric/metadata-database/deploy:main
2026-01-27 16:39:14 [main] INFO  t.g.io/epos-eric/metadata-database/deploy:main - Container ghcr.io/epos-eric/metadata-database/deploy:main is starting: e8fb8d94c4daefebeb10d61aea0cd07eaf5a11f6616ed732be13ab255f093c0a
2026-01-27 16:39:21 [main] INFO  t.g.io/epos-eric/metadata-database/deploy:main - Container ghcr.io/epos-eric/metadata-database/deploy:main started in PT6.872689313S
2026-01-27 16:39:21 [main] INFO  t.g.io/epos-eric/metadata-database/deploy:main - Container is started (JDBC URL: jdbc:postgresql://localhost:32819/cerif?loggerLevel=OFF)
2026-01-27 16:39:21 [main] INFO  com.zaxxer.hikari.HikariDataSource - metadata_catalogue - Starting...
2026-01-27 16:39:21 [main] INFO  com.zaxxer.hikari.pool.HikariPool - metadata_catalogue - Added connection org.postgresql.jdbc.PgConnection@6cd64b3f
2026-01-27 16:39:21 [main] INFO  com.zaxxer.hikari.HikariDataSource - metadata_catalogue - Start completed.
2026-01-27 16:39:28 [main] INFO  com.zaxxer.hikari.HikariDataSource - metadata_catalogue - Shutdown initiated...
2026-01-27 16:39:28 [main] INFO  com.zaxxer.hikari.HikariDataSource - metadata_catalogue - Shutdown completed.
2026-01-27 16:40:10 [main] INFO  com.zaxxer.hikari.HikariDataSource - metadata_catalogue - Starting...
2026-01-27 16:40:38 [main] INFO  o.testcontainers.images.PullPolicy - Image pull policy will be performed by: DefaultPullPolicy()
2026-01-27 16:40:38 [main] INFO  o.t.utility.ImageNameSubstitutor - Image name substitution will be performed by: DefaultImageNameSubstitutor (composite of 'ConfigurationFileImageNameSubstitutor' and 'PrefixingImageNameSubstitutor')
2026-01-27 16:40:38 [main] INFO  o.testcontainers.DockerClientFactory - Testcontainers version: 2.0.2
2026-01-27 16:40:38 [main] INFO  o.t.d.DockerClientProviderStrategy - Loaded org.testcontainers.dockerclient.UnixSocketClientProviderStrategy from ~/.testcontainers.properties, will try it first
2026-01-27 16:40:39 [main] INFO  o.t.d.DockerClientProviderStrategy - Found Docker environment with local Unix socket (unix:///var/run/docker.sock)
2026-01-27 16:40:39 [main] INFO  o.testcontainers.DockerClientFactory - Docker host IP address is localhost
2026-01-27 16:40:39 [main] INFO  o.testcontainers.DockerClientFactory - Connected to docker: 
  Server Version: 29.1.3
  API Version: 1.52
  Operating System: EndeavourOS
  Total Memory: 63743 MB
2026-01-27 16:40:39 [main] INFO  tc.testcontainers/ryuk:0.13.0 - Creating container for image: testcontainers/ryuk:0.13.0
2026-01-27 16:40:39 [main] INFO  tc.testcontainers/ryuk:0.13.0 - Container testcontainers/ryuk:0.13.0 is starting: 4b946a7220846db2ffef4d2e5d9c30b0065634ad1fbb05c4dce127c2065bcc68
2026-01-27 16:40:39 [main] INFO  tc.testcontainers/ryuk:0.13.0 - Container testcontainers/ryuk:0.13.0 started in PT0.484325059S
2026-01-27 16:40:39 [main] INFO  o.t.utility.RyukResourceReaper - Ryuk started - will monitor and terminate Testcontainers containers on JVM exit
2026-01-27 16:40:39 [main] INFO  o.testcontainers.DockerClientFactory - Checking the system...
2026-01-27 16:40:39 [main] INFO  o.testcontainers.DockerClientFactory - ✔︎ Docker server version should be at least 1.6.0
2026-01-27 16:40:39 [main] INFO  t.g.io/epos-eric/metadata-database/deploy:main - Creating container for image: ghcr.io/epos-eric/metadata-database/deploy:main
2026-01-27 16:40:39 [main] INFO  t.g.io/epos-eric/metadata-database/deploy:main - Container ghcr.io/epos-eric/metadata-database/deploy:main is starting: e4c833a7cb0286869f84f3094d75bf88753140968c7633fc5710b62930737b62
2026-01-27 16:40:46 [main] INFO  t.g.io/epos-eric/metadata-database/deploy:main - Container ghcr.io/epos-eric/metadata-database/deploy:main started in PT6.763491639S
2026-01-27 16:40:46 [main] INFO  t.g.io/epos-eric/metadata-database/deploy:main - Container is started (JDBC URL: jdbc:postgresql://localhost:32821/cerif?loggerLevel=OFF)
2026-01-27 16:40:46 [main] INFO  com.zaxxer.hikari.HikariDataSource - metadata_catalogue - Starting...
2026-01-27 16:40:46 [main] INFO  com.zaxxer.hikari.pool.HikariPool - metadata_catalogue - Added connection org.postgresql.jdbc.PgConnection@6cd64b3f
2026-01-27 16:40:46 [main] INFO  com.zaxxer.hikari.HikariDataSource - metadata_catalogue - Start completed.
2026-01-27 16:40:52 [main] INFO  com.zaxxer.hikari.HikariDataSource - metadata_catalogue - Shutdown initiated...
2026-01-27 16:40:52 [main] INFO  com.zaxxer.hikari.HikariDataSource - metadata_catalogue - Shutdown completed.
2026-01-27 17:30:32 [main] INFO  o.testcontainers.images.PullPolicy - Image pull policy will be performed by: DefaultPullPolicy()
2026-01-27 17:30:32 [main] INFO  o.t.utility.ImageNameSubstitutor - Image name substitution will be performed by: DefaultImageNameSubstitutor (composite of 'ConfigurationFileImageNameSubstitutor' and 'PrefixingImageNameSubstitutor')
2026-01-27 17:30:32 [main] INFO  o.testcontainers.DockerClientFactory - Testcontainers version: 2.0.2
2026-01-27 17:30:33 [main] INFO  o.t.d.DockerClientProviderStrategy - Loaded org.testcontainers.dockerclient.UnixSocketClientProviderStrategy from ~/.testcontainers.properties, will try it first
2026-01-27 17:30:33 [main] INFO  o.t.d.DockerClientProviderStrategy - Found Docker environment with local Unix socket (unix:///var/run/docker.sock)
2026-01-27 17:30:33 [main] INFO  o.testcontainers.DockerClientFactory - Docker host IP address is localhost
2026-01-27 17:30:33 [main] INFO  o.testcontainers.DockerClientFactory - Connected to docker: 
  Server Version: 29.1.3
  API Version: 1.52
  Operating System: EndeavourOS
  Total Memory: 63743 MB
2026-01-27 17:30:33 [main] INFO  tc.testcontainers/ryuk:0.13.0 - Creating container for image: testcontainers/ryuk:0.13.0
2026-01-27 17:30:34 [main] INFO  tc.testcontainers/ryuk:0.13.0 - Container testcontainers/ryuk:0.13.0 is starting: a5e476d430f06b5b29511b6b059b3bb09e5efd91c35f8636833beb4e803d140c
2026-01-27 17:30:34 [main] INFO  tc.testcontainers/ryuk:0.13.0 - Container testcontainers/ryuk:0.13.0 started in PT0.475700758S
2026-01-27 17:30:34 [main] INFO  o.t.utility.RyukResourceReaper - Ryuk started - will monitor and terminate Testcontainers containers on JVM exit
2026-01-27 17:30:34 [main] INFO  o.testcontainers.DockerClientFactory - Checking the system...
2026-01-27 17:30:34 [main] INFO  o.testcontainers.DockerClientFactory - ✔︎ Docker server version should be at least 1.6.0
2026-01-27 17:30:34 [main] INFO  t.g.io/epos-eric/metadata-database/deploy:main - Creating container for image: ghcr.io/epos-eric/metadata-database/deploy:main
2026-01-27 17:30:34 [main] INFO  t.g.io/epos-eric/metadata-database/deploy:main - Container ghcr.io/epos-eric/metadata-database/deploy:main is starting: 982af95d884de8bc49f0d826d612fb52636735d4f946776369e35080cc37c48f
2026-01-27 17:30:40 [main] INFO  t.g.io/epos-eric/metadata-database/deploy:main - Container ghcr.io/epos-eric/metadata-database/deploy:main started in PT5.909720471S
2026-01-27 17:30:40 [main] INFO  t.g.io/epos-eric/metadata-database/deploy:main - Container is started (JDBC URL: jdbc:postgresql://localhost:32837/cerif?loggerLevel=OFF)
2026-01-27 17:30:40 [main] INFO  com.zaxxer.hikari.HikariDataSource - metadata_catalogue - Starting...
2026-01-27 17:30:40 [main] INFO  com.zaxxer.hikari.pool.HikariPool - metadata_catalogue - Added connection org.postgresql.jdbc.PgConnection@63a28987
2026-01-27 17:30:40 [main] INFO  com.zaxxer.hikari.HikariDataSource - metadata_catalogue - Start completed.
2026-01-27 17:30:46 [main] INFO  com.zaxxer.hikari.HikariDataSource - metadata_catalogue - Shutdown initiated...
2026-01-27 17:30:46 [main] INFO  com.zaxxer.hikari.HikariDataSource - metadata_catalogue - Shutdown completed.
2026-01-27 17:40:24 [main] INFO  o.testcontainers.images.PullPolicy - Image pull policy will be performed by: DefaultPullPolicy()
2026-01-27 17:40:24 [main] INFO  o.t.utility.ImageNameSubstitutor - Image name substitution will be performed by: DefaultImageNameSubstitutor (composite of 'ConfigurationFileImageNameSubstitutor' and 'PrefixingImageNameSubstitutor')
2026-01-27 17:40:24 [main] INFO  o.testcontainers.DockerClientFactory - Testcontainers version: 2.0.2
2026-01-27 17:40:24 [main] INFO  o.t.d.DockerClientProviderStrategy - Loaded org.testcontainers.dockerclient.UnixSocketClientProviderStrategy from ~/.testcontainers.properties, will try it first
2026-01-27 17:40:25 [main] INFO  o.t.d.DockerClientProviderStrategy - Found Docker environment with local Unix socket (unix:///var/run/docker.sock)
2026-01-27 17:40:25 [main] INFO  o.testcontainers.DockerClientFactory - Docker host IP address is localhost
2026-01-27 17:40:25 [main] INFO  o.testcontainers.DockerClientFactory - Connected to docker: 
  Server Version: 29.1.3
  API Version: 1.52
  Operating System: EndeavourOS
  Total Memory: 63743 MB
2026-01-27 17:40:25 [main] INFO  tc.testcontainers/ryuk:0.13.0 - Creating container for image: testcontainers/ryuk:0.13.0
2026-01-27 17:40:25 [main] INFO  tc.testcontainers/ryuk:0.13.0 - Container testcontainers/ryuk:0.13.0 is starting: 1819a008b2cfbccbbf65c0e36e86e4626538b9e00d7003b213698d5c2b69bd30
2026-01-27 17:40:25 [main] INFO  tc.testcontainers/ryuk:0.13.0 - Container testcontainers/ryuk:0.13.0 started in PT0.540496638S
2026-01-27 17:40:25 [main] INFO  o.t.utility.RyukResourceReaper - Ryuk started - will monitor and terminate Testcontainers containers on JVM exit
2026-01-27 17:40:25 [main] INFO  o.testcontainers.DockerClientFactory - Checking the system...
2026-01-27 17:40:25 [main] INFO  o.testcontainers.DockerClientFactory - ✔︎ Docker server version should be at least 1.6.0
2026-01-27 17:40:25 [main] INFO  t.g.io/epos-eric/metadata-database/deploy:main - Creating container for image: ghcr.io/epos-eric/metadata-database/deploy:main
2026-01-27 17:40:26 [main] INFO  t.g.io/epos-eric/metadata-database/deploy:main - Container ghcr.io/epos-eric/metadata-database/deploy:main is starting: 51409b9b738987be2b1d98dc385d1b9ac0ff552a70baa4ef44ff90ed3bdbf409
2026-01-27 17:40:31 [main] INFO  t.g.io/epos-eric/metadata-database/deploy:main - Container ghcr.io/epos-eric/metadata-database/deploy:main started in PT5.82469094S
2026-01-27 17:40:31 [main] INFO  t.g.io/epos-eric/metadata-database/deploy:main - Container is started (JDBC URL: jdbc:postgresql://localhost:32854/cerif?loggerLevel=OFF)
2026-01-27 17:40:31 [main] INFO  com.zaxxer.hikari.HikariDataSource - metadata_catalogue - Starting...
2026-01-27 17:40:32 [main] INFO  com.zaxxer.hikari.pool.HikariPool - metadata_catalogue - Added connection org.postgresql.jdbc.PgConnection@6de6faa6
2026-01-27 17:40:32 [main] INFO  com.zaxxer.hikari.HikariDataSource - metadata_catalogue - Start completed.
2026-01-27 17:40:38 [main] INFO  com.zaxxer.hikari.HikariDataSource - metadata_catalogue - Shutdown initiated...
2026-01-27 17:40:38 [main] INFO  com.zaxxer.hikari.HikariDataSource - metadata_catalogue - Shutdown completed.
2026-01-27 17:55:48 [main] INFO  o.testcontainers.images.PullPolicy - Image pull policy will be performed by: DefaultPullPolicy()
2026-01-27 17:55:48 [main] INFO  o.t.utility.ImageNameSubstitutor - Image name substitution will be performed by: DefaultImageNameSubstitutor (composite of 'ConfigurationFileImageNameSubstitutor' and 'PrefixingImageNameSubstitutor')
2026-01-27 17:55:48 [main] INFO  o.testcontainers.DockerClientFactory - Testcontainers version: 2.0.2
2026-01-27 17:55:48 [main] INFO  o.t.d.DockerClientProviderStrategy - Loaded org.testcontainers.dockerclient.UnixSocketClientProviderStrategy from ~/.testcontainers.properties, will try it first
2026-01-27 17:55:49 [main] INFO  o.t.d.DockerClientProviderStrategy - Found Docker environment with local Unix socket (unix:///var/run/docker.sock)
2026-01-27 17:55:49 [main] INFO  o.testcontainers.DockerClientFactory - Docker host IP address is localhost
2026-01-27 17:55:49 [main] INFO  o.testcontainers.DockerClientFactory - Connected to docker: 
  Server Version: 29.1.3
  API Version: 1.52
  Operating System: EndeavourOS
  Total Memory: 63743 MB
2026-01-27 17:55:49 [main] INFO  tc.testcontainers/ryuk:0.13.0 - Creating container for image: testcontainers/ryuk:0.13.0
2026-01-27 17:55:49 [main] INFO  tc.testcontainers/ryuk:0.13.0 - Container testcontainers/ryuk:0.13.0 is starting: 72c5ee8a344b16de142d84545cef9dba966eb10d2700f6146839d1114974ae96
2026-01-27 17:55:49 [main] INFO  tc.testcontainers/ryuk:0.13.0 - Container testcontainers/ryuk:0.13.0 started in PT0.547387184S
2026-01-27 17:55:49 [main] INFO  o.t.utility.RyukResourceReaper - Ryuk started - will monitor and terminate Testcontainers containers on JVM exit
2026-01-27 17:55:49 [main] INFO  o.testcontainers.DockerClientFactory - Checking the system...
2026-01-27 17:55:49 [main] INFO  o.testcontainers.DockerClientFactory - ✔︎ Docker server version should be at least 1.6.0
2026-01-27 17:55:49 [main] INFO  t.g.io/epos-eric/metadata-database/deploy:main - Creating container for image: ghcr.io/epos-eric/metadata-database/deploy:main
2026-01-27 17:55:50 [main] INFO  t.g.io/epos-eric/metadata-database/deploy:main - Container ghcr.io/epos-eric/metadata-database/deploy:main is starting: b2b01f0897e0b9ccbf4a1218254f38fa3c88dfd4b9f5606eefcaa16d1627ed31
2026-01-27 17:55:55 [main] INFO  t.g.io/epos-eric/metadata-database/deploy:main - Container ghcr.io/epos-eric/metadata-database/deploy:main started in PT5.879491686S
2026-01-27 17:55:55 [main] INFO  t.g.io/epos-eric/metadata-database/deploy:main - Container is started (JDBC URL: jdbc:postgresql://localhost:32856/cerif?loggerLevel=OFF)
2026-01-27 17:55:55 [main] INFO  com.zaxxer.hikari.HikariDataSource - metadata_catalogue - Starting...
2026-01-27 17:55:56 [main] INFO  com.zaxxer.hikari.pool.HikariPool - metadata_catalogue - Added connection org.postgresql.jdbc.PgConnection@5854a18
2026-01-27 17:55:56 [main] INFO  com.zaxxer.hikari.HikariDataSource - metadata_catalogue - Start completed.
2026-01-27 17:55:57 [main] INFO  com.zaxxer.hikari.HikariDataSource - metadata_catalogue - Shutdown initiated...
2026-01-27 17:55:57 [main] INFO  com.zaxxer.hikari.HikariDataSource - metadata_catalogue - Shutdown completed.
2026-01-27 17:58:04 [main] INFO  o.testcontainers.images.PullPolicy - Image pull policy will be performed by: DefaultPullPolicy()
2026-01-27 17:58:04 [main] INFO  o.t.utility.ImageNameSubstitutor - Image name substitution will be performed by: DefaultImageNameSubstitutor (composite of 'ConfigurationFileImageNameSubstitutor' and 'PrefixingImageNameSubstitutor')
2026-01-27 17:58:04 [main] INFO  o.testcontainers.DockerClientFactory - Testcontainers version: 2.0.2
2026-01-27 17:58:04 [main] INFO  o.t.d.DockerClientProviderStrategy - Loaded org.testcontainers.dockerclient.UnixSocketClientProviderStrategy from ~/.testcontainers.properties, will try it first
2026-01-27 17:58:05 [main] INFO  o.t.d.DockerClientProviderStrategy - Found Docker environment with local Unix socket (unix:///var/run/docker.sock)
2026-01-27 17:58:05 [main] INFO  o.testcontainers.DockerClientFactory - Docker host IP address is localhost
2026-01-27 17:58:05 [main] INFO  o.testcontainers.DockerClientFactory - Connected to docker: 
  Server Version: 29.1.3
  API Version: 1.52
  Operating System: EndeavourOS
  Total Memory: 63743 MB
2026-01-27 17:58:05 [main] INFO  tc.testcontainers/ryuk:0.13.0 - Creating container for image: testcontainers/ryuk:0.13.0
2026-01-27 17:58:05 [main] INFO  tc.testcontainers/ryuk:0.13.0 - Container testcontainers/ryuk:0.13.0 is starting: 86b7f1b67422e9a9924521d078ed490a7c3f1a15885f717676cf3b74e3e4c4df
2026-01-27 17:58:05 [main] INFO  tc.testcontainers/ryuk:0.13.0 - Container testcontainers/ryuk:0.13.0 started in PT0.477154577S
2026-01-27 17:58:05 [main] INFO  o.t.utility.RyukResourceReaper - Ryuk started - will monitor and terminate Testcontainers containers on JVM exit
2026-01-27 17:58:05 [main] INFO  o.testcontainers.DockerClientFactory - Checking the system...
2026-01-27 17:58:05 [main] INFO  o.testcontainers.DockerClientFactory - ✔︎ Docker server version should be at least 1.6.0
2026-01-27 17:58:05 [main] INFO  t.g.io/epos-eric/metadata-database/deploy:main - Creating container for image: ghcr.io/epos-eric/metadata-database/deploy:main
2026-01-27 17:58:05 [main] INFO  t.g.io/epos-eric/metadata-database/deploy:main - Container ghcr.io/epos-eric/metadata-database/deploy:main is starting: 5f07c140b461af19e2c215c6ad13bb26086d870c8fe76d4077dcf25cc7d01593
2026-01-27 17:58:11 [main] INFO  t.g.io/epos-eric/metadata-database/deploy:main - Container ghcr.io/epos-eric/metadata-database/deploy:main started in PT5.744419339S
2026-01-27 17:58:11 [main] INFO  t.g.io/epos-eric/metadata-database/deploy:main - Container is started (JDBC URL: jdbc:postgresql://localhost:32858/cerif?loggerLevel=OFF)
2026-01-27 17:58:11 [main] INFO  com.zaxxer.hikari.HikariDataSource - metadata_catalogue - Starting...
2026-01-27 17:58:11 [main] INFO  com.zaxxer.hikari.pool.HikariPool - metadata_catalogue - Added connection org.postgresql.jdbc.PgConnection@5854a18
2026-01-27 17:58:11 [main] INFO  com.zaxxer.hikari.HikariDataSource - metadata_catalogue - Start completed.
2026-01-27 17:58:13 [main] INFO  com.zaxxer.hikari.HikariDataSource - metadata_catalogue - Shutdown initiated...
2026-01-27 17:58:13 [main] INFO  com.zaxxer.hikari.HikariDataSource - metadata_catalogue - Shutdown completed.
2026-01-27 17:59:02 [main] INFO  o.testcontainers.images.PullPolicy - Image pull policy will be performed by: DefaultPullPolicy()
2026-01-27 17:59:02 [main] INFO  o.t.utility.ImageNameSubstitutor - Image name substitution will be performed by: DefaultImageNameSubstitutor (composite of 'ConfigurationFileImageNameSubstitutor' and 'PrefixingImageNameSubstitutor')
2026-01-27 17:59:02 [main] INFO  o.testcontainers.DockerClientFactory - Testcontainers version: 2.0.2
2026-01-27 17:59:02 [main] INFO  o.t.d.DockerClientProviderStrategy - Loaded org.testcontainers.dockerclient.UnixSocketClientProviderStrategy from ~/.testcontainers.properties, will try it first
2026-01-27 17:59:03 [main] INFO  o.t.d.DockerClientProviderStrategy - Found Docker environment with local Unix socket (unix:///var/run/docker.sock)
2026-01-27 17:59:03 [main] INFO  o.testcontainers.DockerClientFactory - Docker host IP address is localhost
2026-01-27 17:59:03 [main] INFO  o.testcontainers.DockerClientFactory - Connected to docker: 
  Server Version: 29.1.3
  API Version: 1.52
  Operating System: EndeavourOS
  Total Memory: 63743 MB
2026-01-27 17:59:03 [main] INFO  tc.testcontainers/ryuk:0.13.0 - Creating container for image: testcontainers/ryuk:0.13.0
2026-01-27 17:59:03 [main] INFO  tc.testcontainers/ryuk:0.13.0 - Container testcontainers/ryuk:0.13.0 is starting: f92ffb48832be28d1e50276ed8a138c4376ddec49027224cba91d551954bbc48
2026-01-27 17:59:03 [main] INFO  tc.testcontainers/ryuk:0.13.0 - Container testcontainers/ryuk:0.13.0 started in PT0.514096546S
2026-01-27 17:59:03 [main] INFO  o.t.utility.RyukResourceReaper - Ryuk started - will monitor and terminate Testcontainers containers on JVM exit
2026-01-27 17:59:03 [main] INFO  o.testcontainers.DockerClientFactory - Checking the system...
2026-01-27 17:59:03 [main] INFO  o.testcontainers.DockerClientFactory - ✔︎ Docker server version should be at least 1.6.0
2026-01-27 17:59:03 [main] INFO  t.g.io/epos-eric/metadata-database/deploy:main - Creating container for image: ghcr.io/epos-eric/metadata-database/deploy:main
2026-01-27 17:59:04 [main] INFO  t.g.io/epos-eric/metadata-database/deploy:main - Container ghcr.io/epos-eric/metadata-database/deploy:main is starting: f6ce24f0baeec9cb4a2b7bc3fdf5f32f7b5a799cdc9e684ef6e72edccc66bcf9
2026-01-27 17:59:09 [main] INFO  t.g.io/epos-eric/metadata-database/deploy:main - Container ghcr.io/epos-eric/metadata-database/deploy:main started in PT5.760904368S
2026-01-27 17:59:09 [main] INFO  t.g.io/epos-eric/metadata-database/deploy:main - Container is started (JDBC URL: jdbc:postgresql://localhost:32860/cerif?loggerLevel=OFF)
2026-01-27 17:59:09 [main] INFO  com.zaxxer.hikari.HikariDataSource - metadata_catalogue - Starting...
2026-01-27 17:59:10 [main] INFO  com.zaxxer.hikari.pool.HikariPool - metadata_catalogue - Added connection org.postgresql.jdbc.PgConnection@18f55704
2026-01-27 17:59:10 [main] INFO  com.zaxxer.hikari.HikariDataSource - metadata_catalogue - Start completed.
2026-01-27 17:59:11 [main] INFO  com.zaxxer.hikari.HikariDataSource - metadata_catalogue - Shutdown initiated...
2026-01-27 17:59:11 [main] INFO  com.zaxxer.hikari.HikariDataSource - metadata_catalogue - Shutdown completed.
2026-01-27 18:04:08 [main] INFO  o.testcontainers.images.PullPolicy - Image pull policy will be performed by: DefaultPullPolicy()
2026-01-27 18:04:08 [main] INFO  o.t.utility.ImageNameSubstitutor - Image name substitution will be performed by: DefaultImageNameSubstitutor (composite of 'ConfigurationFileImageNameSubstitutor' and 'PrefixingImageNameSubstitutor')
2026-01-27 18:04:08 [main] INFO  o.testcontainers.DockerClientFactory - Testcontainers version: 2.0.2
2026-01-27 18:04:08 [main] INFO  o.t.d.DockerClientProviderStrategy - Loaded org.testcontainers.dockerclient.UnixSocketClientProviderStrategy from ~/.testcontainers.properties, will try it first
2026-01-27 18:04:08 [main] INFO  o.t.d.DockerClientProviderStrategy - Found Docker environment with local Unix socket (unix:///var/run/docker.sock)
2026-01-27 18:04:08 [main] INFO  o.testcontainers.DockerClientFactory - Docker host IP address is localhost
2026-01-27 18:04:09 [main] INFO  o.testcontainers.DockerClientFactory - Connected to docker: 
  Server Version: 29.1.3
  API Version: 1.52
  Operating System: EndeavourOS
  Total Memory: 63743 MB
2026-01-27 18:04:09 [main] INFO  tc.testcontainers/ryuk:0.13.0 - Creating container for image: testcontainers/ryuk:0.13.0
2026-01-27 18:04:09 [main] INFO  tc.testcontainers/ryuk:0.13.0 - Container testcontainers/ryuk:0.13.0 is starting: 5676fad5fdaa335e3a1be3ee6e180b5cfe187826b1e8f1d7d9d386ce815efbbc
2026-01-27 18:04:09 [main] INFO  tc.testcontainers/ryuk:0.13.0 - Container testcontainers/ryuk:0.13.0 started in PT0.481986664S
2026-01-27 18:04:09 [main] INFO  o.t.utility.RyukResourceReaper - Ryuk started - will monitor and terminate Testcontainers containers on JVM exit
2026-01-27 18:04:09 [main] INFO  o.testcontainers.DockerClientFactory - Checking the system...
2026-01-27 18:04:09 [main] INFO  o.testcontainers.DockerClientFactory - ✔︎ Docker server version should be at least 1.6.0
2026-01-27 18:04:09 [main] INFO  t.g.io/epos-eric/metadata-database/deploy:main - Creating container for image: ghcr.io/epos-eric/metadata-database/deploy:main
2026-01-27 18:04:09 [main] INFO  t.g.io/epos-eric/metadata-database/deploy:main - Container ghcr.io/epos-eric/metadata-database/deploy:main is starting: 756e1a54e02f249988ad7738c7bdb4f76b28e09e8e73f87861f26c344de01c4a
2026-01-27 18:04:15 [main] INFO  t.g.io/epos-eric/metadata-database/deploy:main - Container ghcr.io/epos-eric/metadata-database/deploy:main started in PT5.917813906S
2026-01-27 18:04:15 [main] INFO  t.g.io/epos-eric/metadata-database/deploy:main - Container is started (JDBC URL: jdbc:postgresql://localhost:32862/cerif?loggerLevel=OFF)
2026-01-27 18:04:15 [main] INFO  com.zaxxer.hikari.HikariDataSource - metadata_catalogue - Starting...
2026-01-27 18:04:15 [main] INFO  com.zaxxer.hikari.pool.HikariPool - metadata_catalogue - Added connection org.postgresql.jdbc.PgConnection@5854a18
2026-01-27 18:04:15 [main] INFO  com.zaxxer.hikari.HikariDataSource - metadata_catalogue - Start completed.
2026-01-27 18:04:17 [main] INFO  com.zaxxer.hikari.HikariDataSource - metadata_catalogue - Shutdown initiated...
2026-01-27 18:04:17 [main] INFO  com.zaxxer.hikari.HikariDataSource - metadata_catalogue - Shutdown completed.
2026-01-27 18:05:28 [main] INFO  o.testcontainers.images.PullPolicy - Image pull policy will be performed by: DefaultPullPolicy()
2026-01-27 18:05:28 [main] INFO  o.t.utility.ImageNameSubstitutor - Image name substitution will be performed by: DefaultImageNameSubstitutor (composite of 'ConfigurationFileImageNameSubstitutor' and 'PrefixingImageNameSubstitutor')
2026-01-27 18:05:28 [main] INFO  o.testcontainers.DockerClientFactory - Testcontainers version: 2.0.2
2026-01-27 18:05:28 [main] INFO  o.t.d.DockerClientProviderStrategy - Loaded org.testcontainers.dockerclient.UnixSocketClientProviderStrategy from ~/.testcontainers.properties, will try it first
2026-01-27 18:05:29 [main] INFO  o.t.d.DockerClientProviderStrategy - Found Docker environment with local Unix socket (unix:///var/run/docker.sock)
2026-01-27 18:05:29 [main] INFO  o.testcontainers.DockerClientFactory - Docker host IP address is localhost
2026-01-27 18:05:29 [main] INFO  o.testcontainers.DockerClientFactory - Connected to docker: 
  Server Version: 29.1.3
  API Version: 1.52
  Operating System: EndeavourOS
  Total Memory: 63743 MB
2026-01-27 18:05:29 [main] INFO  tc.testcontainers/ryuk:0.13.0 - Creating container for image: testcontainers/ryuk:0.13.0
2026-01-27 18:05:29 [main] INFO  tc.testcontainers/ryuk:0.13.0 - Container testcontainers/ryuk:0.13.0 is starting: 5783d95afcdddfe06caee9e60cbce5022bb8b268cbc3c33f2f921062795ffa2c
2026-01-27 18:05:29 [main] INFO  tc.testcontainers/ryuk:0.13.0 - Container testcontainers/ryuk:0.13.0 started in PT0.529116835S
2026-01-27 18:05:29 [main] INFO  o.t.utility.RyukResourceReaper - Ryuk started - will monitor and terminate Testcontainers containers on JVM exit
2026-01-27 18:05:29 [main] INFO  o.testcontainers.DockerClientFactory - Checking the system...
2026-01-27 18:05:29 [main] INFO  o.testcontainers.DockerClientFactory - ✔︎ Docker server version should be at least 1.6.0
2026-01-27 18:05:29 [main] INFO  t.g.io/epos-eric/metadata-database/deploy:main - Creating container for image: ghcr.io/epos-eric/metadata-database/deploy:main
2026-01-27 18:05:30 [main] INFO  t.g.io/epos-eric/metadata-database/deploy:main - Container ghcr.io/epos-eric/metadata-database/deploy:main is starting: ab1d7d18a694e2b23eb1134b0935b237407d75f87acc398b96512d8c973b79e5
2026-01-27 18:05:35 [main] INFO  t.g.io/epos-eric/metadata-database/deploy:main - Container ghcr.io/epos-eric/metadata-database/deploy:main started in PT5.959874732S
2026-01-27 18:05:35 [main] INFO  t.g.io/epos-eric/metadata-database/deploy:main - Container is started (JDBC URL: jdbc:postgresql://localhost:32864/cerif?loggerLevel=OFF)
2026-01-27 18:05:35 [main] INFO  com.zaxxer.hikari.HikariDataSource - metadata_catalogue - Starting...
2026-01-27 18:05:36 [main] INFO  com.zaxxer.hikari.pool.HikariPool - metadata_catalogue - Added connection org.postgresql.jdbc.PgConnection@67cefd84
2026-01-27 18:05:36 [main] INFO  com.zaxxer.hikari.HikariDataSource - metadata_catalogue - Start completed.
2026-01-27 18:05:37 [main] INFO  com.zaxxer.hikari.HikariDataSource - metadata_catalogue - Shutdown initiated...
2026-01-27 18:05:37 [main] INFO  com.zaxxer.hikari.HikariDataSource - metadata_catalogue - Shutdown completed.
2026-01-27 18:55:40 [main] INFO  o.testcontainers.images.PullPolicy - Image pull policy will be performed by: DefaultPullPolicy()
2026-01-27 18:55:40 [main] INFO  o.t.utility.ImageNameSubstitutor - Image name substitution will be performed by: DefaultImageNameSubstitutor (composite of 'ConfigurationFileImageNameSubstitutor' and 'PrefixingImageNameSubstitutor')
2026-01-27 18:55:40 [main] INFO  o.testcontainers.DockerClientFactory - Testcontainers version: 2.0.2
2026-01-27 18:55:40 [main] INFO  o.t.d.DockerClientProviderStrategy - Loaded org.testcontainers.dockerclient.UnixSocketClientProviderStrategy from ~/.testcontainers.properties, will try it first
2026-01-27 18:55:41 [main] INFO  o.t.d.DockerClientProviderStrategy - Found Docker environment with local Unix socket (unix:///var/run/docker.sock)
2026-01-27 18:55:41 [main] INFO  o.testcontainers.DockerClientFactory - Docker host IP address is localhost
2026-01-27 18:55:41 [main] INFO  o.testcontainers.DockerClientFactory - Connected to docker: 
  Server Version: 29.1.3
  API Version: 1.52
  Operating System: EndeavourOS
  Total Memory: 63743 MB
2026-01-27 18:55:41 [main] INFO  tc.testcontainers/ryuk:0.13.0 - Creating container for image: testcontainers/ryuk:0.13.0
2026-01-27 18:55:41 [main] INFO  tc.testcontainers/ryuk:0.13.0 - Container testcontainers/ryuk:0.13.0 is starting: bbdfa96fc80807ab80758d4b99e8a8f982b49743c1ad81578605b0c29fc51784
2026-01-27 18:55:42 [main] INFO  tc.testcontainers/ryuk:0.13.0 - Container testcontainers/ryuk:0.13.0 started in PT0.584048924S
2026-01-27 18:55:42 [main] INFO  o.t.utility.RyukResourceReaper - Ryuk started - will monitor and terminate Testcontainers containers on JVM exit
2026-01-27 18:55:42 [main] INFO  o.testcontainers.DockerClientFactory - Checking the system...
2026-01-27 18:55:42 [main] INFO  o.testcontainers.DockerClientFactory - ✔︎ Docker server version should be at least 1.6.0
2026-01-27 18:55:42 [main] INFO  t.g.io/epos-eric/metadata-database/deploy:main - Creating container for image: ghcr.io/epos-eric/metadata-database/deploy:main
2026-01-27 18:55:42 [main] INFO  t.g.io/epos-eric/metadata-database/deploy:main - Container ghcr.io/epos-eric/metadata-database/deploy:main is starting: b7167bd4ef312334e22502d09c5516b4f54ce29700e6c75be29d6fe1cbb9f232
2026-01-27 18:55:47 [main] INFO  t.g.io/epos-eric/metadata-database/deploy:main - Container ghcr.io/epos-eric/metadata-database/deploy:main started in PT5.559940912S
2026-01-27 18:55:47 [main] INFO  t.g.io/epos-eric/metadata-database/deploy:main - Container is started (JDBC URL: jdbc:postgresql://localhost:32876/cerif?loggerLevel=OFF)
2026-01-27 18:55:47 [main] INFO  com.zaxxer.hikari.HikariDataSource - metadata_catalogue - Starting...
2026-01-27 18:55:48 [main] INFO  com.zaxxer.hikari.pool.HikariPool - metadata_catalogue - Added connection org.postgresql.jdbc.PgConnection@35e26d05
2026-01-27 18:55:48 [main] INFO  com.zaxxer.hikari.HikariDataSource - metadata_catalogue - Start completed.
2026-01-27 18:55:49 [main] INFO  com.zaxxer.hikari.HikariDataSource - metadata_catalogue - Shutdown initiated...
2026-01-27 18:55:49 [main] INFO  com.zaxxer.hikari.HikariDataSource - metadata_catalogue - Shutdown completed.
2026-01-27 18:57:25 [main] INFO  o.testcontainers.images.PullPolicy - Image pull policy will be performed by: DefaultPullPolicy()
2026-01-27 18:57:25 [main] INFO  o.t.utility.ImageNameSubstitutor - Image name substitution will be performed by: DefaultImageNameSubstitutor (composite of 'ConfigurationFileImageNameSubstitutor' and 'PrefixingImageNameSubstitutor')
2026-01-27 18:57:25 [main] INFO  o.testcontainers.DockerClientFactory - Testcontainers version: 2.0.2
2026-01-27 18:57:25 [main] INFO  o.t.d.DockerClientProviderStrategy - Loaded org.testcontainers.dockerclient.UnixSocketClientProviderStrategy from ~/.testcontainers.properties, will try it first
2026-01-27 18:57:25 [main] INFO  o.t.d.DockerClientProviderStrategy - Found Docker environment with local Unix socket (unix:///var/run/docker.sock)
2026-01-27 18:57:25 [main] INFO  o.testcontainers.DockerClientFactory - Docker host IP address is localhost
2026-01-27 18:57:26 [main] INFO  o.testcontainers.DockerClientFactory - Connected to docker: 
  Server Version: 29.1.3
  API Version: 1.52
  Operating System: EndeavourOS
  Total Memory: 63743 MB
2026-01-27 18:57:26 [main] INFO  tc.testcontainers/ryuk:0.13.0 - Creating container for image: testcontainers/ryuk:0.13.0
2026-01-27 18:57:26 [main] INFO  tc.testcontainers/ryuk:0.13.0 - Container testcontainers/ryuk:0.13.0 is starting: f7c2b052c49d3455fbc8a22a31a5c0b370883b5a6de3e8c5eb144ee4c1754cb1
2026-01-27 18:57:26 [main] INFO  tc.testcontainers/ryuk:0.13.0 - Container testcontainers/ryuk:0.13.0 started in PT0.565364925S
2026-01-27 18:57:26 [main] INFO  o.t.utility.RyukResourceReaper - Ryuk started - will monitor and terminate Testcontainers containers on JVM exit
2026-01-27 18:57:26 [main] INFO  o.testcontainers.DockerClientFactory - Checking the system...
2026-01-27 18:57:26 [main] INFO  o.testcontainers.DockerClientFactory - ✔︎ Docker server version should be at least 1.6.0
2026-01-27 18:57:26 [main] INFO  t.g.io/epos-eric/metadata-database/deploy:main - Creating container for image: ghcr.io/epos-eric/metadata-database/deploy:main
2026-01-27 18:57:26 [main] INFO  t.g.io/epos-eric/metadata-database/deploy:main - Container ghcr.io/epos-eric/metadata-database/deploy:main is starting: 30af9be4365be15eab346359363d6f6e41774a6d6df252b0588912c385a11eb4
2026-01-27 18:57:32 [main] INFO  t.g.io/epos-eric/metadata-database/deploy:main - Container ghcr.io/epos-eric/metadata-database/deploy:main started in PT6.128636245S
2026-01-27 18:57:32 [main] INFO  t.g.io/epos-eric/metadata-database/deploy:main - Container is started (JDBC URL: jdbc:postgresql://localhost:32878/cerif?loggerLevel=OFF)
2026-01-27 18:57:32 [main] INFO  com.zaxxer.hikari.HikariDataSource - metadata_catalogue - Starting...
2026-01-27 18:57:33 [main] INFO  com.zaxxer.hikari.pool.HikariPool - metadata_catalogue - Added connection org.postgresql.jdbc.PgConnection@2538bc06
2026-01-27 18:57:33 [main] INFO  com.zaxxer.hikari.HikariDataSource - metadata_catalogue - Start completed.
2026-01-27 18:57:35 [main] INFO  com.zaxxer.hikari.HikariDataSource - metadata_catalogue - Shutdown initiated...
2026-01-27 18:57:35 [main] INFO  com.zaxxer.hikari.HikariDataSource - metadata_catalogue - Shutdown completed.
2026-01-27 19:04:29 [main] INFO  o.testcontainers.images.PullPolicy - Image pull policy will be performed by: DefaultPullPolicy()
2026-01-27 19:04:29 [main] INFO  o.t.utility.ImageNameSubstitutor - Image name substitution will be performed by: DefaultImageNameSubstitutor (composite of 'ConfigurationFileImageNameSubstitutor' and 'PrefixingImageNameSubstitutor')
2026-01-27 19:04:29 [main] INFO  o.testcontainers.DockerClientFactory - Testcontainers version: 2.0.2
2026-01-27 19:04:30 [main] INFO  o.t.d.DockerClientProviderStrategy - Loaded org.testcontainers.dockerclient.UnixSocketClientProviderStrategy from ~/.testcontainers.properties, will try it first
2026-01-27 19:04:30 [main] INFO  o.t.d.DockerClientProviderStrategy - Found Docker environment with local Unix socket (unix:///var/run/docker.sock)
2026-01-27 19:04:30 [main] INFO  o.testcontainers.DockerClientFactory - Docker host IP address is localhost
2026-01-27 19:04:30 [main] INFO  o.testcontainers.DockerClientFactory - Connected to docker: 
  Server Version: 29.1.3
  API Version: 1.52
  Operating System: EndeavourOS
  Total Memory: 63743 MB
2026-01-27 19:04:30 [main] INFO  tc.testcontainers/ryuk:0.13.0 - Creating container for image: testcontainers/ryuk:0.13.0
2026-01-27 19:04:30 [main] INFO  tc.testcontainers/ryuk:0.13.0 - Container testcontainers/ryuk:0.13.0 is starting: 8db873b03136822b12534703297be85c7e69f553150c95f988656a67c88fb2f7
2026-01-27 19:04:31 [main] INFO  tc.testcontainers/ryuk:0.13.0 - Container testcontainers/ryuk:0.13.0 started in PT0.515979833S
2026-01-27 19:04:31 [main] INFO  o.t.utility.RyukResourceReaper - Ryuk started - will monitor and terminate Testcontainers containers on JVM exit
2026-01-27 19:04:31 [main] INFO  o.testcontainers.DockerClientFactory - Checking the system...
2026-01-27 19:04:31 [main] INFO  o.testcontainers.DockerClientFactory - ✔︎ Docker server version should be at least 1.6.0
2026-01-27 19:04:31 [main] INFO  t.g.io/epos-eric/metadata-database/deploy:main - Creating container for image: ghcr.io/epos-eric/metadata-database/deploy:main
2026-01-27 19:04:31 [main] INFO  t.g.io/epos-eric/metadata-database/deploy:main - Container ghcr.io/epos-eric/metadata-database/deploy:main is starting: 63c0d94a1c2cbec2ac7802952b53c42bd3ec9164a03f8d7b7b53cafdcefdd7d9
2026-01-27 19:04:38 [main] INFO  t.g.io/epos-eric/metadata-database/deploy:main - Container ghcr.io/epos-eric/metadata-database/deploy:main started in PT6.768824504S
2026-01-27 19:04:38 [main] INFO  t.g.io/epos-eric/metadata-database/deploy:main - Container is started (JDBC URL: jdbc:postgresql://localhost:32880/cerif?loggerLevel=OFF)
2026-01-27 19:04:38 [main] INFO  com.zaxxer.hikari.HikariDataSource - metadata_catalogue - Starting...
2026-01-27 19:04:38 [main] INFO  com.zaxxer.hikari.pool.HikariPool - metadata_catalogue - Added connection org.postgresql.jdbc.PgConnection@35e26d05
2026-01-27 19:04:38 [main] INFO  com.zaxxer.hikari.HikariDataSource - metadata_catalogue - Start completed.
2026-01-27 19:04:40 [main] INFO  com.zaxxer.hikari.HikariDataSource - metadata_catalogue - Shutdown initiated...
2026-01-27 19:04:40 [main] INFO  com.zaxxer.hikari.HikariDataSource - metadata_catalogue - Shutdown completed.
2026-01-27 19:05:02 [main] INFO  o.testcontainers.images.PullPolicy - Image pull policy will be performed by: DefaultPullPolicy()
2026-01-27 19:05:02 [main] INFO  o.t.utility.ImageNameSubstitutor - Image name substitution will be performed by: DefaultImageNameSubstitutor (composite of 'ConfigurationFileImageNameSubstitutor' and 'PrefixingImageNameSubstitutor')
2026-01-27 19:05:02 [main] INFO  o.testcontainers.DockerClientFactory - Testcontainers version: 2.0.2
2026-01-27 19:05:02 [main] INFO  o.t.d.DockerClientProviderStrategy - Loaded org.testcontainers.dockerclient.UnixSocketClientProviderStrategy from ~/.testcontainers.properties, will try it first
2026-01-27 19:05:02 [main] INFO  o.t.d.DockerClientProviderStrategy - Found Docker environment with local Unix socket (unix:///var/run/docker.sock)
2026-01-27 19:05:02 [main] INFO  o.testcontainers.DockerClientFactory - Docker host IP address is localhost
2026-01-27 19:05:02 [main] INFO  o.testcontainers.DockerClientFactory - Connected to docker: 
  Server Version: 29.1.3
  API Version: 1.52
  Operating System: EndeavourOS
  Total Memory: 63743 MB
2026-01-27 19:05:02 [main] INFO  tc.testcontainers/ryuk:0.13.0 - Creating container for image: testcontainers/ryuk:0.13.0
2026-01-27 19:05:03 [main] INFO  tc.testcontainers/ryuk:0.13.0 - Container testcontainers/ryuk:0.13.0 is starting: 0f67c07fdc0eb539869e3c245e42df8b5609bbfd7b454886d2393033c5a4ada6
2026-01-27 19:05:03 [main] INFO  tc.testcontainers/ryuk:0.13.0 - Container testcontainers/ryuk:0.13.0 started in PT0.527647963S
2026-01-27 19:05:03 [main] INFO  o.t.utility.RyukResourceReaper - Ryuk started - will monitor and terminate Testcontainers containers on JVM exit
2026-01-27 19:05:03 [main] INFO  o.testcontainers.DockerClientFactory - Checking the system...
2026-01-27 19:05:03 [main] INFO  o.testcontainers.DockerClientFactory - ✔︎ Docker server version should be at least 1.6.0
2026-01-27 19:05:03 [main] INFO  t.g.io/epos-eric/metadata-database/deploy:main - Creating container for image: ghcr.io/epos-eric/metadata-database/deploy:main
2026-01-27 19:05:03 [main] INFO  t.g.io/epos-eric/metadata-database/deploy:main - Container ghcr.io/epos-eric/metadata-database/deploy:main is starting: 4cf3cf13ea1c7e1e4187bf8d02e3ccaabe3002cbf0ce9c9e0e2de56e2eaf86b8
2026-01-27 19:05:10 [main] INFO  t.g.io/epos-eric/metadata-database/deploy:main - Container ghcr.io/epos-eric/metadata-database/deploy:main started in PT6.748424956S
2026-01-27 19:05:10 [main] INFO  t.g.io/epos-eric/metadata-database/deploy:main - Container is started (JDBC URL: jdbc:postgresql://localhost:32882/cerif?loggerLevel=OFF)
2026-01-27 19:05:10 [main] INFO  com.zaxxer.hikari.HikariDataSource - metadata_catalogue - Starting...
2026-01-27 19:05:10 [main] INFO  com.zaxxer.hikari.pool.HikariPool - metadata_catalogue - Added connection org.postgresql.jdbc.PgConnection@1bb740f2
2026-01-27 19:05:10 [main] INFO  com.zaxxer.hikari.HikariDataSource - metadata_catalogue - Start completed.
2026-01-27 19:05:12 [main] INFO  com.zaxxer.hikari.HikariDataSource - metadata_catalogue - Shutdown initiated...
2026-01-27 19:05:12 [main] INFO  com.zaxxer.hikari.HikariDataSource - metadata_catalogue - Shutdown completed.
2026-01-27 19:07:37 [main] INFO  o.testcontainers.images.PullPolicy - Image pull policy will be performed by: DefaultPullPolicy()
2026-01-27 19:07:37 [main] INFO  o.t.utility.ImageNameSubstitutor - Image name substitution will be performed by: DefaultImageNameSubstitutor (composite of 'ConfigurationFileImageNameSubstitutor' and 'PrefixingImageNameSubstitutor')
2026-01-27 19:07:37 [main] INFO  o.testcontainers.DockerClientFactory - Testcontainers version: 2.0.2
2026-01-27 19:07:37 [main] INFO  o.t.d.DockerClientProviderStrategy - Loaded org.testcontainers.dockerclient.UnixSocketClientProviderStrategy from ~/.testcontainers.properties, will try it first
2026-01-27 19:07:38 [main] INFO  o.t.d.DockerClientProviderStrategy - Found Docker environment with local Unix socket (unix:///var/run/docker.sock)
2026-01-27 19:07:38 [main] INFO  o.testcontainers.DockerClientFactory - Docker host IP address is localhost
2026-01-27 19:07:38 [main] INFO  o.testcontainers.DockerClientFactory - Connected to docker: 
  Server Version: 29.1.3
  API Version: 1.52
  Operating System: EndeavourOS
  Total Memory: 63743 MB
2026-01-27 19:07:38 [main] INFO  tc.testcontainers/ryuk:0.13.0 - Creating container for image: testcontainers/ryuk:0.13.0
2026-01-27 19:07:38 [main] INFO  tc.testcontainers/ryuk:0.13.0 - Container testcontainers/ryuk:0.13.0 is starting: f3719286fb03997aecc13f2d42b8638d92e311826d2bf69521984a4d76af6c19
2026-01-27 19:07:39 [main] INFO  tc.testcontainers/ryuk:0.13.0 - Container testcontainers/ryuk:0.13.0 started in PT0.581330679S
2026-01-27 19:07:39 [main] INFO  o.t.utility.RyukResourceReaper - Ryuk started - will monitor and terminate Testcontainers containers on JVM exit
2026-01-27 19:07:39 [main] INFO  o.testcontainers.DockerClientFactory - Checking the system...
2026-01-27 19:07:39 [main] INFO  o.testcontainers.DockerClientFactory - ✔︎ Docker server version should be at least 1.6.0
2026-01-27 19:07:39 [main] INFO  t.g.io/epos-eric/metadata-database/deploy:main - Creating container for image: ghcr.io/epos-eric/metadata-database/deploy:main
2026-01-27 19:07:39 [main] INFO  t.g.io/epos-eric/metadata-database/deploy:main - Container ghcr.io/epos-eric/metadata-database/deploy:main is starting: 936f71902053506cccc13b1acfe408f3d752d9c09fd74e40908eabc2c6a40043
2026-01-27 19:07:44 [main] INFO  t.g.io/epos-eric/metadata-database/deploy:main - Container ghcr.io/epos-eric/metadata-database/deploy:main started in PT5.796936911S
2026-01-27 19:07:44 [main] INFO  t.g.io/epos-eric/metadata-database/deploy:main - Container is started (JDBC URL: jdbc:postgresql://localhost:32884/cerif?loggerLevel=OFF)
2026-01-27 19:07:44 [main] INFO  com.zaxxer.hikari.HikariDataSource - metadata_catalogue - Starting...
2026-01-27 19:07:45 [main] INFO  com.zaxxer.hikari.pool.HikariPool - metadata_catalogue - Added connection org.postgresql.jdbc.PgConnection@35e26d05
2026-01-27 19:07:45 [main] INFO  com.zaxxer.hikari.HikariDataSource - metadata_catalogue - Start completed.
2026-01-27 19:07:47 [main] INFO  com.zaxxer.hikari.HikariDataSource - metadata_catalogue - Shutdown initiated...
2026-01-27 19:07:47 [main] INFO  com.zaxxer.hikari.HikariDataSource - metadata_catalogue - Shutdown completed.
