2025-10-10 08:15:41 [main] INFO  o.testcontainers.images.PullPolicy - Image pull policy will be performed by: DefaultPullPolicy()
2025-10-10 08:15:41 [main] INFO  o.t.utility.ImageNameSubstitutor - Image name substitution will be performed by: DefaultImageNameSubstitutor (composite of 'ConfigurationFileImageNameSubstitutor' and 'PrefixingImageNameSubstitutor')
2025-10-10 08:15:41 [main] INFO  o.testcontainers.DockerClientFactory - Testcontainers version: 1.21.1
2025-10-10 08:15:41 [main] INFO  o.t.d.DockerClientProviderStrategy - Loaded org.testcontainers.dockerclient.UnixSocketClientProviderStrategy from ~/.testcontainers.properties, will try it first
2025-10-10 08:15:42 [main] INFO  o.t.d.DockerClientProviderStrategy - Found Docker environment with local Unix socket (unix:///var/run/docker.sock)
2025-10-10 08:15:42 [main] INFO  o.testcontainers.DockerClientFactory - Docker host IP address is localhost
2025-10-10 08:15:42 [main] INFO  o.testcontainers.DockerClientFactory - Connected to docker: 
  Server Version: 28.5.1
  API Version: 1.51
  Operating System: EndeavourOS
  Total Memory: 63743 MB
2025-10-10 08:15:42 [main] INFO  tc.testcontainers/ryuk:0.11.0 - Pulling docker image: testcontainers/ryuk:0.11.0. Please be patient; this may take some time but only needs to be done once.
2025-10-10 08:15:44 [docker-java-stream-2099354479] INFO  tc.testcontainers/ryuk:0.11.0 - Starting to pull image
2025-10-10 08:15:44 [docker-java-stream-2099354479] INFO  tc.testcontainers/ryuk:0.11.0 - Pulling image layers:  0 pending,  0 downloaded,  0 extracted, (0 bytes/0 bytes)
2025-10-10 08:15:45 [docker-java-stream-2099354479] INFO  tc.testcontainers/ryuk:0.11.0 - Pulling image layers:  2 pending,  1 downloaded,  0 extracted, (496 KB/? MB)
2025-10-10 08:15:46 [docker-java-stream-2099354479] INFO  tc.testcontainers/ryuk:0.11.0 - Pulling image layers:  1 pending,  2 downloaded,  0 extracted, (6 MB/? MB)
2025-10-10 08:15:47 [docker-java-stream-2099354479] INFO  tc.testcontainers/ryuk:0.11.0 - Pulling image layers:  1 pending,  2 downloaded,  1 extracted, (7 MB/? MB)
2025-10-10 08:15:47 [docker-java-stream-2099354479] INFO  tc.testcontainers/ryuk:0.11.0 - Pulling image layers:  1 pending,  2 downloaded,  2 extracted, (8 MB/? MB)
2025-10-10 08:15:47 [docker-java-stream-2099354479] INFO  tc.testcontainers/ryuk:0.11.0 - Pulling image layers:  0 pending,  3 downloaded,  2 extracted, (10 MB/10 MB)
2025-10-10 08:15:47 [docker-java-stream-2099354479] INFO  tc.testcontainers/ryuk:0.11.0 - Pulling image layers:  0 pending,  3 downloaded,  3 extracted, (10 MB/10 MB)
2025-10-10 08:15:47 [docker-java-stream-2099354479] INFO  tc.testcontainers/ryuk:0.11.0 - Pull complete. 3 layers, pulled in 3s (downloaded 10 MB at 3 MB/s)
2025-10-10 08:15:47 [main] INFO  tc.testcontainers/ryuk:0.11.0 - Image testcontainers/ryuk:0.11.0 pull took PT5.35927135S
2025-10-10 08:15:47 [main] INFO  tc.testcontainers/ryuk:0.11.0 - Creating container for image: testcontainers/ryuk:0.11.0
2025-10-10 08:15:47 [main] INFO  tc.testcontainers/ryuk:0.11.0 - Container testcontainers/ryuk:0.11.0 is starting: db77ef169450741f5cd0c00158cbc7b85714808d5901adc66610514a44ca13b1
2025-10-10 08:15:48 [main] INFO  tc.testcontainers/ryuk:0.11.0 - Container testcontainers/ryuk:0.11.0 started in PT0.409671235S
2025-10-10 08:15:48 [main] INFO  o.t.utility.RyukResourceReaper - Ryuk started - will monitor and terminate Testcontainers containers on JVM exit
2025-10-10 08:15:48 [main] INFO  o.testcontainers.DockerClientFactory - Checking the system...
2025-10-10 08:15:48 [main] INFO  o.testcontainers.DockerClientFactory - ✔︎ Docker server version should be at least 1.6.0
2025-10-10 08:15:48 [main] INFO  t.epos/metadata-database-deploy-test:latest - Pulling docker image: epos/metadata-database-deploy-test:latest. Please be patient; this may take some time but only needs to be done once.
2025-10-10 08:15:50 [docker-java-stream--1143459578] INFO  t.epos/metadata-database-deploy-test:latest - Starting to pull image
2025-10-10 08:15:50 [docker-java-stream--1143459578] INFO  t.epos/metadata-database-deploy-test:latest - Pulling image layers:  0 pending,  0 downloaded,  0 extracted, (0 bytes/0 bytes)
2025-10-10 08:15:51 [main] INFO  t.epos/metadata-database-deploy-test:latest - Image epos/metadata-database-deploy-test:latest pull took PT3.10265384S
2025-10-10 08:15:51 [main] INFO  t.epos/metadata-database-deploy-test:latest - Creating container for image: epos/metadata-database-deploy-test:latest
2025-10-10 08:15:51 [main] INFO  t.epos/metadata-database-deploy-test:latest - Container epos/metadata-database-deploy-test:latest is starting: 89f601d18a2adae2f8c7e0fc8a7d4516818439b076e3307addee4e1a14398072
2025-10-10 08:15:57 [main] INFO  t.epos/metadata-database-deploy-test:latest - Container epos/metadata-database-deploy-test:latest started in PT5.800730252S
2025-10-10 08:15:57 [main] INFO  t.epos/metadata-database-deploy-test:latest - Container is started (JDBC URL: jdbc:postgresql://localhost:32769/metadata_catalogue?loggerLevel=OFF)
2025-10-10 08:15:57 [main] INFO  com.zaxxer.hikari.HikariDataSource - metadata_catalogue - Starting...
2025-10-10 08:15:57 [main] INFO  com.zaxxer.hikari.pool.HikariPool - metadata_catalogue - Added connection org.postgresql.jdbc.PgConnection@242b6e1a
2025-10-10 08:15:57 [main] INFO  com.zaxxer.hikari.HikariDataSource - metadata_catalogue - Start completed.
2025-10-10 08:15:57 [main] INFO  com.zaxxer.hikari.HikariDataSource - metadata_catalogue - Starting...
2025-10-10 08:16:06 [main] INFO  t.epos/metadata-database-deploy-test:latest - Creating container for image: epos/metadata-database-deploy-test:latest
2025-10-10 08:16:06 [main] INFO  t.epos/metadata-database-deploy-test:latest - Container epos/metadata-database-deploy-test:latest is starting: 0540de2383d9a632b4a5fdfa5c1e09fabb078427217d53c8610e3a3dabfc5bf9
2025-10-10 08:16:11 [main] INFO  t.epos/metadata-database-deploy-test:latest - Container epos/metadata-database-deploy-test:latest started in PT5.090750054S
2025-10-10 08:16:11 [main] INFO  t.epos/metadata-database-deploy-test:latest - Container is started (JDBC URL: jdbc:postgresql://localhost:32770/metadata_catalogue?loggerLevel=OFF)
2025-10-10 08:16:11 [main] INFO  com.zaxxer.hikari.HikariDataSource - metadata_catalogue - Starting...
2025-10-10 08:16:11 [main] INFO  com.zaxxer.hikari.pool.HikariPool - metadata_catalogue - Added connection org.postgresql.jdbc.PgConnection@7161457
2025-10-10 08:16:11 [main] INFO  com.zaxxer.hikari.HikariDataSource - metadata_catalogue - Start completed.
2025-10-10 08:16:12 [main] INFO  com.zaxxer.hikari.HikariDataSource - metadata_catalogue - Starting...
2025-10-10 08:16:21 [main] INFO  t.epos/metadata-database-deploy-test:latest - Creating container for image: epos/metadata-database-deploy-test:latest
2025-10-10 08:16:21 [main] INFO  t.epos/metadata-database-deploy-test:latest - Container epos/metadata-database-deploy-test:latest is starting: 0568146ea5730ab01c71d4f2c78cef7680ca8bbe30a629eb69f24e7b630ef291
2025-10-10 08:16:25 [main] INFO  t.epos/metadata-database-deploy-test:latest - Container epos/metadata-database-deploy-test:latest started in PT4.100716829S
2025-10-10 08:16:25 [main] INFO  t.epos/metadata-database-deploy-test:latest - Container is started (JDBC URL: jdbc:postgresql://localhost:32771/metadata_catalogue?loggerLevel=OFF)
2025-10-10 08:16:25 [main] INFO  com.zaxxer.hikari.HikariDataSource - metadata_catalogue - Starting...
2025-10-10 08:16:25 [main] INFO  com.zaxxer.hikari.pool.HikariPool - metadata_catalogue - Added connection org.postgresql.jdbc.PgConnection@1378eea2
2025-10-10 08:16:25 [main] INFO  com.zaxxer.hikari.HikariDataSource - metadata_catalogue - Start completed.
2025-10-10 08:16:25 [main] INFO  com.zaxxer.hikari.HikariDataSource - metadata_catalogue - Starting...
2025-10-10 08:16:34 [main] INFO  com.zaxxer.hikari.HikariDataSource - metadata_catalogue - Starting...
2025-10-10 08:16:34 [main] INFO  com.zaxxer.hikari.pool.HikariPool - metadata_catalogue - Added connection org.postgresql.jdbc.PgConnection@4d09cade
2025-10-10 08:16:34 [main] INFO  com.zaxxer.hikari.HikariDataSource - metadata_catalogue - Start completed.
2025-10-10 08:16:34 [main] INFO  com.zaxxer.hikari.HikariDataSource - metadata_catalogue - Starting...
2025-10-10 08:16:43 [main] INFO  com.zaxxer.hikari.HikariDataSource - metadata_catalogue - Starting...
2025-10-10 08:16:43 [main] INFO  com.zaxxer.hikari.pool.HikariPool - metadata_catalogue - Added connection org.postgresql.jdbc.PgConnection@ee8e7ff
2025-10-10 08:16:43 [main] INFO  com.zaxxer.hikari.HikariDataSource - metadata_catalogue - Start completed.
2025-10-10 08:16:43 [main] INFO  com.zaxxer.hikari.HikariDataSource - metadata_catalogue - Starting...
2025-10-10 08:16:52 [main] INFO  t.epos/metadata-database-deploy-test:latest - Creating container for image: epos/metadata-database-deploy-test:latest
2025-10-10 08:16:52 [main] INFO  t.epos/metadata-database-deploy-test:latest - Container epos/metadata-database-deploy-test:latest is starting: 07cfbf30f1dd8395c6b024f04e0076397b4307fe524147d66ceaf5a3fc75084a
2025-10-10 08:16:56 [main] INFO  t.epos/metadata-database-deploy-test:latest - Container epos/metadata-database-deploy-test:latest started in PT4.145960758S
2025-10-10 08:16:56 [main] INFO  t.epos/metadata-database-deploy-test:latest - Container is started (JDBC URL: jdbc:postgresql://localhost:32772/metadata_catalogue?loggerLevel=OFF)
2025-10-10 08:16:56 [main] INFO  com.zaxxer.hikari.HikariDataSource - metadata_catalogue - Starting...
2025-10-10 08:16:56 [main] INFO  com.zaxxer.hikari.pool.HikariPool - metadata_catalogue - Added connection org.postgresql.jdbc.PgConnection@78b7f805
2025-10-10 08:16:56 [main] INFO  com.zaxxer.hikari.HikariDataSource - metadata_catalogue - Start completed.
2025-10-10 08:16:56 [main] INFO  com.zaxxer.hikari.HikariDataSource - metadata_catalogue - Starting...
2025-10-10 08:17:05 [main] INFO  com.zaxxer.hikari.HikariDataSource - metadata_catalogue - Starting...
2025-10-10 08:17:14 [main] INFO  com.zaxxer.hikari.HikariDataSource - metadata_catalogue - Starting...
2025-10-10 08:17:23 [main] INFO  com.zaxxer.hikari.HikariDataSource - metadata_catalogue - Starting...
2025-10-10 08:17:32 [main] INFO  com.zaxxer.hikari.HikariDataSource - metadata_catalogue - Starting...
2025-10-10 08:17:41 [main] INFO  com.zaxxer.hikari.HikariDataSource - metadata_catalogue - Starting...
2025-10-10 08:17:50 [main] INFO  com.zaxxer.hikari.HikariDataSource - metadata_catalogue - Starting...
2025-10-10 08:18:00 [main] INFO  com.zaxxer.hikari.HikariDataSource - metadata_catalogue - Starting...
2025-10-10 08:18:09 [main] INFO  com.zaxxer.hikari.HikariDataSource - metadata_catalogue - Starting...
2025-10-10 08:18:18 [main] INFO  com.zaxxer.hikari.HikariDataSource - metadata_catalogue - Starting...
2025-10-10 08:18:27 [main] INFO  com.zaxxer.hikari.HikariDataSource - metadata_catalogue - Starting...
2025-10-10 08:18:36 [main] INFO  com.zaxxer.hikari.HikariDataSource - metadata_catalogue - Starting...
2025-10-10 08:18:45 [main] INFO  com.zaxxer.hikari.HikariDataSource - metadata_catalogue - Starting...
2025-10-10 08:18:54 [main] INFO  com.zaxxer.hikari.HikariDataSource - metadata_catalogue - Starting...
2025-10-10 08:19:03 [main] INFO  com.zaxxer.hikari.HikariDataSource - metadata_catalogue - Starting...
2025-10-10 08:19:12 [main] INFO  com.zaxxer.hikari.HikariDataSource - metadata_catalogue - Starting...
2025-10-10 08:19:21 [main] INFO  t.epos/metadata-database-deploy-test:latest - Creating container for image: epos/metadata-database-deploy-test:latest
2025-10-10 08:19:21 [main] INFO  t.epos/metadata-database-deploy-test:latest - Container epos/metadata-database-deploy-test:latest is starting: e83d334f6acd55289404c4fdffe2cd2631cc9defe6a2109bed4593df93f83923
2025-10-10 08:19:25 [main] INFO  t.epos/metadata-database-deploy-test:latest - Container epos/metadata-database-deploy-test:latest started in PT4.091591428S
2025-10-10 08:19:25 [main] INFO  t.epos/metadata-database-deploy-test:latest - Container is started (JDBC URL: jdbc:postgresql://localhost:32773/metadata_catalogue?loggerLevel=OFF)
2025-10-10 08:19:25 [main] INFO  com.zaxxer.hikari.HikariDataSource - metadata_catalogue - Starting...
2025-10-10 08:19:25 [main] INFO  com.zaxxer.hikari.pool.HikariPool - metadata_catalogue - Added connection org.postgresql.jdbc.PgConnection@3d2f3dcb
2025-10-10 08:19:25 [main] INFO  com.zaxxer.hikari.HikariDataSource - metadata_catalogue - Start completed.
2025-10-10 08:19:25 [main] INFO  com.zaxxer.hikari.HikariDataSource - metadata_catalogue - Starting...
2025-10-10 08:19:34 [main] INFO  t.epos/metadata-database-deploy-test:latest - Creating container for image: epos/metadata-database-deploy-test:latest
2025-10-10 08:19:34 [main] INFO  t.epos/metadata-database-deploy-test:latest - Container epos/metadata-database-deploy-test:latest is starting: ddb9e8a1d388fdb24588d8a8d547b46600ed930f681e63e53407693a4be2815b
2025-10-10 08:19:39 [main] INFO  t.epos/metadata-database-deploy-test:latest - Container epos/metadata-database-deploy-test:latest started in PT4.57162343S
2025-10-10 08:19:39 [main] INFO  t.epos/metadata-database-deploy-test:latest - Container is started (JDBC URL: jdbc:postgresql://localhost:32774/metadata_catalogue?loggerLevel=OFF)
2025-10-10 08:19:39 [main] INFO  com.zaxxer.hikari.HikariDataSource - metadata_catalogue - Starting...
2025-10-10 08:19:39 [main] INFO  com.zaxxer.hikari.pool.HikariPool - metadata_catalogue - Added connection org.postgresql.jdbc.PgConnection@678a9516
2025-10-10 08:19:39 [main] INFO  com.zaxxer.hikari.HikariDataSource - metadata_catalogue - Start completed.
2025-10-10 08:19:39 [main] INFO  com.zaxxer.hikari.HikariDataSource - metadata_catalogue - Starting...
2025-10-10 08:19:48 [main] INFO  t.epos/metadata-database-deploy-test:latest - Creating container for image: epos/metadata-database-deploy-test:latest
2025-10-10 08:19:48 [main] INFO  t.epos/metadata-database-deploy-test:latest - Container epos/metadata-database-deploy-test:latest is starting: 91415c07a3b4a3385185a06ebbd7892067e4caa755c8cc35020388560689fa41
2025-10-10 08:19:52 [main] INFO  t.epos/metadata-database-deploy-test:latest - Container epos/metadata-database-deploy-test:latest started in PT4.303151544S
2025-10-10 08:19:52 [main] INFO  t.epos/metadata-database-deploy-test:latest - Container is started (JDBC URL: jdbc:postgresql://localhost:32775/metadata_catalogue?loggerLevel=OFF)
2025-10-10 08:19:52 [main] INFO  com.zaxxer.hikari.HikariDataSource - metadata_catalogue - Starting...
2025-10-10 08:19:52 [main] INFO  com.zaxxer.hikari.pool.HikariPool - metadata_catalogue - Added connection org.postgresql.jdbc.PgConnection@7a83ccd2
2025-10-10 08:19:52 [main] INFO  com.zaxxer.hikari.HikariDataSource - metadata_catalogue - Start completed.
2025-10-10 08:19:52 [main] INFO  com.zaxxer.hikari.HikariDataSource - metadata_catalogue - Starting...
2025-10-10 08:20:02 [main] INFO  t.epos/metadata-database-deploy-test:latest - Creating container for image: epos/metadata-database-deploy-test:latest
2025-10-10 08:20:02 [main] INFO  t.epos/metadata-database-deploy-test:latest - Container epos/metadata-database-deploy-test:latest is starting: 82fc26345cc9b86437a1ddb1cbf5badb2c83040ce587889af84e29f16b3d3951
2025-10-10 08:20:06 [main] INFO  t.epos/metadata-database-deploy-test:latest - Container epos/metadata-database-deploy-test:latest started in PT4.098157418S
2025-10-10 08:20:06 [main] INFO  t.epos/metadata-database-deploy-test:latest - Container is started (JDBC URL: jdbc:postgresql://localhost:32776/metadata_catalogue?loggerLevel=OFF)
2025-10-10 08:20:06 [main] INFO  com.zaxxer.hikari.HikariDataSource - metadata_catalogue - Starting...
2025-10-10 08:20:06 [main] INFO  com.zaxxer.hikari.pool.HikariPool - metadata_catalogue - Added connection org.postgresql.jdbc.PgConnection@619c93ca
2025-10-10 08:20:06 [main] INFO  com.zaxxer.hikari.HikariDataSource - metadata_catalogue - Start completed.
2025-10-10 08:20:06 [main] INFO  com.zaxxer.hikari.HikariDataSource - metadata_catalogue - Starting...
2025-10-10 08:20:15 [main] INFO  com.zaxxer.hikari.HikariDataSource - metadata_catalogue - Starting...
2025-10-10 08:20:15 [main] INFO  com.zaxxer.hikari.pool.HikariPool - metadata_catalogue - Added connection org.postgresql.jdbc.PgConnection@57151b3a
2025-10-10 08:20:15 [main] INFO  com.zaxxer.hikari.HikariDataSource - metadata_catalogue - Start completed.
2025-10-10 08:20:15 [main] INFO  com.zaxxer.hikari.HikariDataSource - metadata_catalogue - Starting...
2025-10-10 08:20:24 [main] INFO  t.epos/metadata-database-deploy-test:latest - Creating container for image: epos/metadata-database-deploy-test:latest
2025-10-10 08:20:24 [main] INFO  t.epos/metadata-database-deploy-test:latest - Container epos/metadata-database-deploy-test:latest is starting: 2af4e9456c6ef52e651801680cc2cf07798abf4e7a0fbfaafd38147e366e3a23
2025-10-10 08:20:28 [main] INFO  t.epos/metadata-database-deploy-test:latest - Container epos/metadata-database-deploy-test:latest started in PT4.110325652S
2025-10-10 08:20:28 [main] INFO  t.epos/metadata-database-deploy-test:latest - Container is started (JDBC URL: jdbc:postgresql://localhost:32777/metadata_catalogue?loggerLevel=OFF)
2025-10-10 08:20:28 [main] INFO  com.zaxxer.hikari.HikariDataSource - metadata_catalogue - Starting...
2025-10-10 08:20:28 [main] INFO  com.zaxxer.hikari.pool.HikariPool - metadata_catalogue - Added connection org.postgresql.jdbc.PgConnection@67328bcb
2025-10-10 08:20:28 [main] INFO  com.zaxxer.hikari.HikariDataSource - metadata_catalogue - Start completed.
2025-10-10 08:20:28 [main] INFO  com.zaxxer.hikari.HikariDataSource - metadata_catalogue - Starting...
2025-10-10 08:20:37 [main] INFO  t.epos/metadata-database-deploy-test:latest - Creating container for image: epos/metadata-database-deploy-test:latest
2025-10-10 08:20:37 [main] INFO  t.epos/metadata-database-deploy-test:latest - Container epos/metadata-database-deploy-test:latest is starting: a35829a78ee30d8b014db937761d5780f0ae55fadbdf662094ac2cfc07d2c4e7
2025-10-10 08:20:41 [main] INFO  t.epos/metadata-database-deploy-test:latest - Container epos/metadata-database-deploy-test:latest started in PT4.092193857S
2025-10-10 08:20:41 [main] INFO  t.epos/metadata-database-deploy-test:latest - Container is started (JDBC URL: jdbc:postgresql://localhost:32778/metadata_catalogue?loggerLevel=OFF)
2025-10-10 08:20:41 [main] INFO  com.zaxxer.hikari.HikariDataSource - metadata_catalogue - Starting...
2025-10-10 08:20:41 [main] INFO  com.zaxxer.hikari.pool.HikariPool - metadata_catalogue - Added connection org.postgresql.jdbc.PgConnection@3e6ec74
2025-10-10 08:20:41 [main] INFO  com.zaxxer.hikari.HikariDataSource - metadata_catalogue - Start completed.
2025-10-10 08:20:41 [main] INFO  com.zaxxer.hikari.HikariDataSource - metadata_catalogue - Starting...
2025-10-10 08:20:50 [main] INFO  com.zaxxer.hikari.HikariDataSource - metadata_catalogue - Starting...
2025-10-10 08:20:50 [main] INFO  com.zaxxer.hikari.pool.HikariPool - metadata_catalogue - Added connection org.postgresql.jdbc.PgConnection@44dfdd58
2025-10-10 08:20:50 [main] INFO  com.zaxxer.hikari.HikariDataSource - metadata_catalogue - Start completed.
2025-10-10 08:20:51 [main] INFO  com.zaxxer.hikari.HikariDataSource - metadata_catalogue - Starting...
2025-10-10 08:21:00 [main] INFO  com.zaxxer.hikari.HikariDataSource - metadata_catalogue - Starting...
2025-10-10 08:21:00 [main] INFO  com.zaxxer.hikari.pool.HikariPool - metadata_catalogue - Added connection org.postgresql.jdbc.PgConnection@36d582cb
2025-10-10 08:21:00 [main] INFO  com.zaxxer.hikari.HikariDataSource - metadata_catalogue - Start completed.
2025-10-10 08:21:00 [main] INFO  com.zaxxer.hikari.HikariDataSource - metadata_catalogue - Starting...
2025-10-10 08:21:00 [main] INFO  com.zaxxer.hikari.pool.HikariPool - metadata_catalogue - Added connection org.postgresql.jdbc.PgConnection@45bbc52f
2025-10-10 08:21:00 [main] INFO  com.zaxxer.hikari.HikariDataSource - metadata_catalogue - Start completed.
2025-10-10 08:21:00 [main] INFO  t.epos/metadata-database-deploy-test:latest - Creating container for image: epos/metadata-database-deploy-test:latest
2025-10-10 08:21:00 [main] INFO  t.epos/metadata-database-deploy-test:latest - Container epos/metadata-database-deploy-test:latest is starting: e6000f414be43a3551a7a86b4b816164aeae662bb55fc60e93b87382695c8426
2025-10-10 08:21:04 [main] INFO  t.epos/metadata-database-deploy-test:latest - Container epos/metadata-database-deploy-test:latest started in PT4.154279986S
2025-10-10 08:21:04 [main] INFO  t.epos/metadata-database-deploy-test:latest - Container is started (JDBC URL: jdbc:postgresql://localhost:32779/metadata_catalogue?loggerLevel=OFF)
2025-10-10 08:21:04 [main] INFO  com.zaxxer.hikari.HikariDataSource - metadata_catalogue - Starting...
2025-10-10 08:21:04 [main] INFO  com.zaxxer.hikari.pool.HikariPool - metadata_catalogue - Added connection org.postgresql.jdbc.PgConnection@44fd7ba4
2025-10-10 08:21:04 [main] INFO  com.zaxxer.hikari.HikariDataSource - metadata_catalogue - Start completed.
2025-10-10 08:21:04 [main] INFO  com.zaxxer.hikari.HikariDataSource - metadata_catalogue - Starting...
2025-10-10 08:21:13 [main] INFO  com.zaxxer.hikari.HikariDataSource - metadata_catalogue - Starting...
2025-10-10 08:21:13 [main] INFO  com.zaxxer.hikari.pool.HikariPool - metadata_catalogue - Added connection org.postgresql.jdbc.PgConnection@589fb74d
2025-10-10 08:21:13 [main] INFO  com.zaxxer.hikari.HikariDataSource - metadata_catalogue - Start completed.
2025-10-10 08:21:13 [main] INFO  com.zaxxer.hikari.HikariDataSource - metadata_catalogue - Starting...
2025-10-10 08:21:22 [main] INFO  com.zaxxer.hikari.HikariDataSource - metadata_catalogue - Starting...
2025-10-10 08:21:22 [main] INFO  com.zaxxer.hikari.pool.HikariPool - metadata_catalogue - Added connection org.postgresql.jdbc.PgConnection@5f56424d
2025-10-10 08:21:22 [main] INFO  com.zaxxer.hikari.HikariDataSource - metadata_catalogue - Start completed.
2025-10-10 08:21:22 [main] INFO  com.zaxxer.hikari.HikariDataSource - metadata_catalogue - Starting...
2025-10-10 08:21:31 [main] INFO  com.zaxxer.hikari.HikariDataSource - metadata_catalogue - Starting...
2025-10-10 08:21:31 [main] INFO  com.zaxxer.hikari.pool.HikariPool - metadata_catalogue - Added connection org.postgresql.jdbc.PgConnection@52d7ab79
2025-10-10 08:21:31 [main] INFO  com.zaxxer.hikari.HikariDataSource - metadata_catalogue - Start completed.
2025-10-10 08:21:31 [main] INFO  com.zaxxer.hikari.HikariDataSource - metadata_catalogue - Starting...
2025-10-10 08:21:40 [main] INFO  t.epos/metadata-database-deploy-test:latest - Creating container for image: epos/metadata-database-deploy-test:latest
2025-10-10 08:21:41 [main] INFO  t.epos/metadata-database-deploy-test:latest - Container epos/metadata-database-deploy-test:latest is starting: 77fd568ec2457977e163e7d066ccf2b499dacfc38f866a2ad161c1792628df76
2025-10-10 08:21:44 [main] INFO  t.epos/metadata-database-deploy-test:latest - Container epos/metadata-database-deploy-test:latest started in PT4.039259535S
2025-10-10 08:21:44 [main] INFO  t.epos/metadata-database-deploy-test:latest - Container is started (JDBC URL: jdbc:postgresql://localhost:32780/metadata_catalogue?loggerLevel=OFF)
2025-10-10 08:21:44 [main] INFO  com.zaxxer.hikari.HikariDataSource - metadata_catalogue - Starting...
2025-10-10 08:21:44 [main] INFO  com.zaxxer.hikari.pool.HikariPool - metadata_catalogue - Added connection org.postgresql.jdbc.PgConnection@49ced9c7
2025-10-10 08:21:44 [main] INFO  com.zaxxer.hikari.HikariDataSource - metadata_catalogue - Start completed.
2025-10-10 08:21:45 [main] INFO  com.zaxxer.hikari.HikariDataSource - metadata_catalogue - Starting...
2025-10-10 08:21:54 [main] INFO  t.epos/metadata-database-deploy-test:latest - Creating container for image: epos/metadata-database-deploy-test:latest
2025-10-10 08:21:54 [main] INFO  t.epos/metadata-database-deploy-test:latest - Container epos/metadata-database-deploy-test:latest is starting: 913294c605589b806d0b43d1a98d278d414c4a769dc98d89278b075fb79bdc3c
2025-10-10 08:21:58 [main] INFO  t.epos/metadata-database-deploy-test:latest - Container epos/metadata-database-deploy-test:latest started in PT4.076383978S
2025-10-10 08:21:58 [main] INFO  t.epos/metadata-database-deploy-test:latest - Container is started (JDBC URL: jdbc:postgresql://localhost:32781/metadata_catalogue?loggerLevel=OFF)
2025-10-10 08:21:58 [main] INFO  com.zaxxer.hikari.HikariDataSource - metadata_catalogue - Starting...
2025-10-10 08:21:58 [main] INFO  com.zaxxer.hikari.pool.HikariPool - metadata_catalogue - Added connection org.postgresql.jdbc.PgConnection@64910b2d
2025-10-10 08:21:58 [main] INFO  com.zaxxer.hikari.HikariDataSource - metadata_catalogue - Start completed.
2025-10-10 08:21:58 [main] INFO  com.zaxxer.hikari.HikariDataSource - metadata_catalogue - Starting...
2025-10-10 08:22:07 [main] INFO  t.epos/metadata-database-deploy-test:latest - Creating container for image: epos/metadata-database-deploy-test:latest
2025-10-10 08:22:07 [main] INFO  t.epos/metadata-database-deploy-test:latest - Container epos/metadata-database-deploy-test:latest is starting: 4fcf4629aabd72858b83a86395cb7a02a93e1bf7f97b39fb36dfe2c24430d44a
2025-10-10 08:22:11 [main] INFO  t.epos/metadata-database-deploy-test:latest - Container epos/metadata-database-deploy-test:latest started in PT4.059186338S
2025-10-10 08:22:11 [main] INFO  t.epos/metadata-database-deploy-test:latest - Container is started (JDBC URL: jdbc:postgresql://localhost:32782/metadata_catalogue?loggerLevel=OFF)
2025-10-10 08:22:11 [main] INFO  com.zaxxer.hikari.HikariDataSource - metadata_catalogue - Starting...
2025-10-10 08:22:11 [main] INFO  com.zaxxer.hikari.pool.HikariPool - metadata_catalogue - Added connection org.postgresql.jdbc.PgConnection@9f0fc36
2025-10-10 08:22:11 [main] INFO  com.zaxxer.hikari.HikariDataSource - metadata_catalogue - Start completed.
2025-10-10 08:22:11 [main] INFO  com.zaxxer.hikari.HikariDataSource - metadata_catalogue - Starting...
2025-10-10 08:22:20 [main] INFO  com.zaxxer.hikari.HikariDataSource - metadata_catalogue - Starting...
2025-10-10 08:22:20 [main] INFO  com.zaxxer.hikari.pool.HikariPool - metadata_catalogue - Added connection org.postgresql.jdbc.PgConnection@63a84bb6
2025-10-10 08:22:20 [main] INFO  com.zaxxer.hikari.HikariDataSource - metadata_catalogue - Start completed.
2025-10-10 08:22:20 [main] INFO  com.zaxxer.hikari.HikariDataSource - metadata_catalogue - Starting...
2025-10-10 08:22:29 [main] INFO  com.zaxxer.hikari.HikariDataSource - metadata_catalogue - Starting...
2025-10-10 08:22:29 [main] INFO  com.zaxxer.hikari.pool.HikariPool - metadata_catalogue - Added connection org.postgresql.jdbc.PgConnection@1f39269d
2025-10-10 08:22:29 [main] INFO  com.zaxxer.hikari.HikariDataSource - metadata_catalogue - Start completed.
2025-10-10 08:22:29 [main] INFO  com.zaxxer.hikari.HikariDataSource - metadata_catalogue - Starting...
2025-10-10 08:22:38 [main] INFO  com.zaxxer.hikari.HikariDataSource - metadata_catalogue - Starting...
2025-10-10 08:22:38 [main] INFO  com.zaxxer.hikari.pool.HikariPool - metadata_catalogue - Added connection org.postgresql.jdbc.PgConnection@d66502
2025-10-10 08:22:38 [main] INFO  com.zaxxer.hikari.HikariDataSource - metadata_catalogue - Start completed.
2025-10-10 08:22:38 [main] INFO  com.zaxxer.hikari.HikariDataSource - metadata_catalogue - Starting...
2025-10-10 08:22:47 [main] INFO  com.zaxxer.hikari.HikariDataSource - metadata_catalogue - Starting...
2025-10-10 08:22:47 [main] INFO  com.zaxxer.hikari.pool.HikariPool - metadata_catalogue - Added connection org.postgresql.jdbc.PgConnection@13908f9c
2025-10-10 08:22:47 [main] INFO  com.zaxxer.hikari.HikariDataSource - metadata_catalogue - Start completed.
2025-10-10 08:22:47 [main] INFO  com.zaxxer.hikari.HikariDataSource - metadata_catalogue - Starting...
2025-10-10 08:22:57 [main] INFO  t.epos/metadata-database-deploy-test:latest - Creating container for image: epos/metadata-database-deploy-test:latest
2025-10-10 08:22:57 [main] INFO  t.epos/metadata-database-deploy-test:latest - Container epos/metadata-database-deploy-test:latest is starting: f1ebd82be752fd02bfbd427a79e380feacf8839853c68b63067b694cdec45218
2025-10-10 08:23:01 [main] INFO  t.epos/metadata-database-deploy-test:latest - Container epos/metadata-database-deploy-test:latest started in PT4.137007307S
2025-10-10 08:23:01 [main] INFO  t.epos/metadata-database-deploy-test:latest - Container is started (JDBC URL: jdbc:postgresql://localhost:32783/metadata_catalogue?loggerLevel=OFF)
2025-10-10 08:23:01 [main] INFO  com.zaxxer.hikari.HikariDataSource - metadata_catalogue - Starting...
2025-10-10 08:23:01 [main] INFO  com.zaxxer.hikari.pool.HikariPool - metadata_catalogue - Added connection org.postgresql.jdbc.PgConnection@11574592
2025-10-10 08:23:01 [main] INFO  com.zaxxer.hikari.HikariDataSource - metadata_catalogue - Start completed.
2025-10-10 08:23:01 [main] INFO  com.zaxxer.hikari.HikariDataSource - metadata_catalogue - Starting...
2025-10-10 08:23:10 [main] INFO  com.zaxxer.hikari.HikariDataSource - metadata_catalogue - Starting...
2025-10-10 08:23:10 [main] INFO  com.zaxxer.hikari.pool.HikariPool - metadata_catalogue - Added connection org.postgresql.jdbc.PgConnection@71139e77
2025-10-10 08:23:10 [main] INFO  com.zaxxer.hikari.HikariDataSource - metadata_catalogue - Start completed.
2025-10-10 08:23:10 [main] INFO  com.zaxxer.hikari.HikariDataSource - metadata_catalogue - Starting...
2025-10-10 08:23:19 [main] INFO  com.zaxxer.hikari.HikariDataSource - metadata_catalogue - Starting...
2025-10-10 08:23:19 [main] INFO  com.zaxxer.hikari.pool.HikariPool - metadata_catalogue - Added connection org.postgresql.jdbc.PgConnection@f10d055
2025-10-10 08:23:19 [main] INFO  com.zaxxer.hikari.HikariDataSource - metadata_catalogue - Start completed.
2025-10-10 08:23:19 [main] INFO  com.zaxxer.hikari.HikariDataSource - metadata_catalogue - Starting...
2025-10-10 08:23:28 [main] INFO  com.zaxxer.hikari.HikariDataSource - metadata_catalogue - Starting...
2025-10-10 08:23:28 [main] INFO  com.zaxxer.hikari.pool.HikariPool - metadata_catalogue - Added connection org.postgresql.jdbc.PgConnection@350567f1
2025-10-10 08:23:28 [main] INFO  com.zaxxer.hikari.HikariDataSource - metadata_catalogue - Start completed.
2025-10-10 08:23:28 [main] INFO  com.zaxxer.hikari.HikariDataSource - metadata_catalogue - Starting...
2025-10-10 08:23:37 [main] INFO  t.epos/metadata-database-deploy-test:latest - Creating container for image: epos/metadata-database-deploy-test:latest
2025-10-10 08:23:37 [main] INFO  t.epos/metadata-database-deploy-test:latest - Container epos/metadata-database-deploy-test:latest is starting: 64a6309603312491a40f864e9f9da41e9eccb72820f4ead2947aeb694e11df5a
2025-10-10 08:23:41 [main] INFO  t.epos/metadata-database-deploy-test:latest - Container epos/metadata-database-deploy-test:latest started in PT4.157415796S
2025-10-10 08:23:41 [main] INFO  t.epos/metadata-database-deploy-test:latest - Container is started (JDBC URL: jdbc:postgresql://localhost:32784/metadata_catalogue?loggerLevel=OFF)
2025-10-10 08:23:41 [main] INFO  com.zaxxer.hikari.HikariDataSource - metadata_catalogue - Starting...
2025-10-10 08:23:41 [main] INFO  com.zaxxer.hikari.pool.HikariPool - metadata_catalogue - Added connection org.postgresql.jdbc.PgConnection@77d0dbba
2025-10-10 08:23:41 [main] INFO  com.zaxxer.hikari.HikariDataSource - metadata_catalogue - Start completed.
2025-10-10 08:23:41 [main] INFO  com.zaxxer.hikari.HikariDataSource - metadata_catalogue - Starting...
2025-10-10 08:23:50 [main] INFO  com.zaxxer.hikari.HikariDataSource - metadata_catalogue - Starting...
2025-10-10 08:23:50 [main] INFO  com.zaxxer.hikari.pool.HikariPool - metadata_catalogue - Added connection org.postgresql.jdbc.PgConnection@137a4b54
2025-10-10 08:23:50 [main] INFO  com.zaxxer.hikari.HikariDataSource - metadata_catalogue - Start completed.
2025-10-10 08:23:50 [main] INFO  com.zaxxer.hikari.HikariDataSource - metadata_catalogue - Starting...
2025-10-10 08:23:59 [main] INFO  com.zaxxer.hikari.HikariDataSource - metadata_catalogue - Starting...
2025-10-10 08:23:59 [main] INFO  com.zaxxer.hikari.pool.HikariPool - metadata_catalogue - Added connection org.postgresql.jdbc.PgConnection@39514976
2025-10-10 08:23:59 [main] INFO  com.zaxxer.hikari.HikariDataSource - metadata_catalogue - Start completed.
2025-10-10 08:23:59 [main] INFO  com.zaxxer.hikari.HikariDataSource - metadata_catalogue - Starting...
2025-10-10 08:24:00 [metadata_catalogue:housekeeper] WARN  com.zaxxer.hikari.pool.PoolBase - metadata_catalogue - Failed to validate connection org.postgresql.jdbc.PgConnection@242b6e1a (This connection has been closed.). Possibly consider using a shorter maxLifetime value.
2025-10-10 08:24:07 [metadata_catalogue:housekeeper] WARN  com.zaxxer.hikari.pool.PoolBase - metadata_catalogue - Failed to validate connection org.postgresql.jdbc.PgConnection@733d37f4 (This connection has been closed.). Possibly consider using a shorter maxLifetime value.
2025-10-10 08:24:09 [main] INFO  t.epos/metadata-database-deploy-test:latest - Creating container for image: epos/metadata-database-deploy-test:latest
2025-10-10 08:24:09 [main] INFO  t.epos/metadata-database-deploy-test:latest - Container epos/metadata-database-deploy-test:latest is starting: da82df43725581912b8ac09989f418ba193ff7b8c019cf0138019f02eddc691a
2025-10-10 08:24:09 [metadata_catalogue:housekeeper] WARN  com.zaxxer.hikari.pool.PoolBase - metadata_catalogue - Failed to validate connection org.postgresql.jdbc.PgConnection@4d541374 (This connection has been closed.). Possibly consider using a shorter maxLifetime value.
2025-10-10 08:24:13 [main] INFO  t.epos/metadata-database-deploy-test:latest - Container epos/metadata-database-deploy-test:latest started in PT4.08870564S
2025-10-10 08:24:13 [main] INFO  t.epos/metadata-database-deploy-test:latest - Container is started (JDBC URL: jdbc:postgresql://localhost:32785/metadata_catalogue?loggerLevel=OFF)
2025-10-10 08:24:13 [main] INFO  com.zaxxer.hikari.HikariDataSource - metadata_catalogue - Starting...
2025-10-10 08:24:13 [main] INFO  com.zaxxer.hikari.pool.HikariPool - metadata_catalogue - Added connection org.postgresql.jdbc.PgConnection@5bb99d1d
2025-10-10 08:24:13 [main] INFO  com.zaxxer.hikari.HikariDataSource - metadata_catalogue - Start completed.
2025-10-10 08:24:13 [main] INFO  com.zaxxer.hikari.HikariDataSource - metadata_catalogue - Starting...
2025-10-10 08:24:14 [metadata_catalogue:housekeeper] WARN  com.zaxxer.hikari.pool.PoolBase - metadata_catalogue - Failed to validate connection org.postgresql.jdbc.PgConnection@72a194ef (This connection has been closed.). Possibly consider using a shorter maxLifetime value.
2025-10-10 08:24:15 [metadata_catalogue:housekeeper] WARN  com.zaxxer.hikari.pool.PoolBase - metadata_catalogue - Failed to validate connection org.postgresql.jdbc.PgConnection@68399fd8 (This connection has been closed.). Possibly consider using a shorter maxLifetime value.
2025-10-10 08:24:16 [metadata_catalogue:housekeeper] WARN  com.zaxxer.hikari.pool.PoolBase - metadata_catalogue - Failed to validate connection org.postgresql.jdbc.PgConnection@499e963d (This connection has been closed.). Possibly consider using a shorter maxLifetime value.
2025-10-10 08:24:18 [metadata_catalogue:housekeeper] WARN  com.zaxxer.hikari.pool.PoolBase - metadata_catalogue - Failed to validate connection org.postgresql.jdbc.PgConnection@1636a5d (This connection has been closed.). Possibly consider using a shorter maxLifetime value.
2025-10-10 08:24:21 [metadata_catalogue:housekeeper] WARN  com.zaxxer.hikari.pool.PoolBase - metadata_catalogue - Failed to validate connection org.postgresql.jdbc.PgConnection@8a39c06 (This connection has been closed.). Possibly consider using a shorter maxLifetime value.
2025-10-10 08:24:22 [main] INFO  t.epos/metadata-database-deploy-test:latest - Creating container for image: epos/metadata-database-deploy-test:latest
2025-10-10 08:24:22 [main] INFO  t.epos/metadata-database-deploy-test:latest - Container epos/metadata-database-deploy-test:latest is starting: 0bd89ff6df7ec1e469658ee17bff2d120a7a421ca38d62e10b07f915db0cac49
2025-10-10 08:24:26 [main] INFO  t.epos/metadata-database-deploy-test:latest - Container epos/metadata-database-deploy-test:latest started in PT4.119587429S
2025-10-10 08:24:26 [main] INFO  t.epos/metadata-database-deploy-test:latest - Container is started (JDBC URL: jdbc:postgresql://localhost:32786/metadata_catalogue?loggerLevel=OFF)
2025-10-10 08:24:26 [main] INFO  com.zaxxer.hikari.HikariDataSource - metadata_catalogue - Starting...
2025-10-10 08:24:26 [main] INFO  com.zaxxer.hikari.pool.HikariPool - metadata_catalogue - Added connection org.postgresql.jdbc.PgConnection@eb91027
2025-10-10 08:24:26 [main] INFO  com.zaxxer.hikari.HikariDataSource - metadata_catalogue - Start completed.
2025-10-10 08:24:26 [main] INFO  com.zaxxer.hikari.HikariDataSource - metadata_catalogue - Starting...
2025-10-10 08:24:30 [metadata_catalogue:housekeeper] WARN  com.zaxxer.hikari.pool.PoolBase - metadata_catalogue - Failed to validate connection org.postgresql.jdbc.PgConnection@39e15039 (This connection has been closed.). Possibly consider using a shorter maxLifetime value.
2025-10-10 08:24:35 [main] INFO  t.epos/metadata-database-deploy-test:latest - Creating container for image: epos/metadata-database-deploy-test:latest
2025-10-10 08:24:35 [main] INFO  t.epos/metadata-database-deploy-test:latest - Container epos/metadata-database-deploy-test:latest is starting: 6547183fc81612ca61e37bf2d75df934202e02486f80c924da25aa787f49bb99
2025-10-10 08:24:39 [main] INFO  t.epos/metadata-database-deploy-test:latest - Container epos/metadata-database-deploy-test:latest started in PT4.141357407S
2025-10-10 08:24:39 [main] INFO  t.epos/metadata-database-deploy-test:latest - Container is started (JDBC URL: jdbc:postgresql://localhost:32787/metadata_catalogue?loggerLevel=OFF)
2025-10-10 08:24:39 [main] INFO  com.zaxxer.hikari.HikariDataSource - metadata_catalogue - Starting...
2025-10-10 08:24:40 [main] INFO  com.zaxxer.hikari.pool.HikariPool - metadata_catalogue - Added connection org.postgresql.jdbc.PgConnection@6282f1eb
2025-10-10 08:24:40 [main] INFO  com.zaxxer.hikari.HikariDataSource - metadata_catalogue - Start completed.
2025-10-10 08:24:40 [main] INFO  com.zaxxer.hikari.HikariDataSource - metadata_catalogue - Starting...
2025-10-10 08:24:48 [metadata_catalogue:housekeeper] WARN  com.zaxxer.hikari.pool.PoolBase - metadata_catalogue - Failed to validate connection org.postgresql.jdbc.PgConnection@2fb853cd (This connection has been closed.). Possibly consider using a shorter maxLifetime value.
2025-10-10 08:24:49 [main] INFO  t.epos/metadata-database-deploy-test:latest - Creating container for image: epos/metadata-database-deploy-test:latest
2025-10-10 08:24:49 [main] INFO  t.epos/metadata-database-deploy-test:latest - Container epos/metadata-database-deploy-test:latest is starting: 5db8239a376c6504a9ea993a808825db604c5ce4a707b35f8a271b40c658d6a4
2025-10-10 08:24:52 [metadata_catalogue:housekeeper] WARN  com.zaxxer.hikari.pool.PoolBase - metadata_catalogue - Failed to validate connection org.postgresql.jdbc.PgConnection@6e8559f6 (This connection has been closed.). Possibly consider using a shorter maxLifetime value.
2025-10-10 08:24:52 [metadata_catalogue:housekeeper] WARN  com.zaxxer.hikari.pool.PoolBase - metadata_catalogue - Failed to validate connection org.postgresql.jdbc.PgConnection@252dbfdd (This connection has been closed.). Possibly consider using a shorter maxLifetime value.
2025-10-10 08:24:53 [main] INFO  t.epos/metadata-database-deploy-test:latest - Container epos/metadata-database-deploy-test:latest started in PT4.11480069S
2025-10-10 08:24:53 [main] INFO  t.epos/metadata-database-deploy-test:latest - Container is started (JDBC URL: jdbc:postgresql://localhost:32788/metadata_catalogue?loggerLevel=OFF)
2025-10-10 08:24:53 [main] INFO  com.zaxxer.hikari.HikariDataSource - metadata_catalogue - Starting...
2025-10-10 08:24:53 [main] INFO  com.zaxxer.hikari.pool.HikariPool - metadata_catalogue - Added connection org.postgresql.jdbc.PgConnection@236b4a44
2025-10-10 08:24:53 [main] INFO  com.zaxxer.hikari.HikariDataSource - metadata_catalogue - Start completed.
2025-10-10 08:24:53 [main] INFO  com.zaxxer.hikari.HikariDataSource - metadata_catalogue - Starting...
2025-10-10 08:24:54 [metadata_catalogue:housekeeper] WARN  com.zaxxer.hikari.pool.PoolBase - metadata_catalogue - Failed to validate connection org.postgresql.jdbc.PgConnection@326ace9d (This connection has been closed.). Possibly consider using a shorter maxLifetime value.
2025-10-10 08:24:56 [metadata_catalogue:housekeeper] WARN  com.zaxxer.hikari.pool.PoolBase - metadata_catalogue - Failed to validate connection org.postgresql.jdbc.PgConnection@61205c75 (This connection has been closed.). Possibly consider using a shorter maxLifetime value.
2025-10-10 08:24:59 [metadata_catalogue:housekeeper] WARN  com.zaxxer.hikari.pool.PoolBase - metadata_catalogue - Failed to validate connection org.postgresql.jdbc.PgConnection@688c6349 (This connection has been closed.). Possibly consider using a shorter maxLifetime value.
2025-10-10 08:25:00 [metadata_catalogue:housekeeper] WARN  com.zaxxer.hikari.pool.PoolBase - metadata_catalogue - Failed to validate connection org.postgresql.jdbc.PgConnection@5fa1d526 (This connection has been closed.). Possibly consider using a shorter maxLifetime value.
2025-10-10 08:25:00 [metadata_catalogue:housekeeper] WARN  com.zaxxer.hikari.pool.PoolBase - metadata_catalogue - Failed to validate connection org.postgresql.jdbc.PgConnection@7161457 (This connection has been closed.). Possibly consider using a shorter maxLifetime value.
2025-10-10 08:25:01 [metadata_catalogue:housekeeper] WARN  com.zaxxer.hikari.pool.PoolBase - metadata_catalogue - Failed to validate connection org.postgresql.jdbc.PgConnection@201d564e (This connection has been closed.). Possibly consider using a shorter maxLifetime value.
2025-10-10 08:25:02 [metadata_catalogue:housekeeper] WARN  com.zaxxer.hikari.pool.PoolBase - metadata_catalogue - Failed to validate connection org.postgresql.jdbc.PgConnection@6c4116b6 (This connection has been closed.). Possibly consider using a shorter maxLifetime value.
2025-10-10 08:25:02 [metadata_catalogue:housekeeper] WARN  com.zaxxer.hikari.pool.PoolBase - metadata_catalogue - Failed to validate connection org.postgresql.jdbc.PgConnection@11f79408 (This connection has been closed.). Possibly consider using a shorter maxLifetime value.
2025-10-10 08:25:02 [main] INFO  com.zaxxer.hikari.HikariDataSource - metadata_catalogue - Starting...
2025-10-10 08:25:02 [main] INFO  com.zaxxer.hikari.pool.HikariPool - metadata_catalogue - Added connection org.postgresql.jdbc.PgConnection@2cc61b3b
2025-10-10 08:25:02 [main] INFO  com.zaxxer.hikari.HikariDataSource - metadata_catalogue - Start completed.
2025-10-10 08:25:02 [main] INFO  com.zaxxer.hikari.HikariDataSource - metadata_catalogue - Starting...
2025-10-10 08:25:02 [metadata_catalogue:housekeeper] WARN  com.zaxxer.hikari.pool.PoolBase - metadata_catalogue - Failed to validate connection org.postgresql.jdbc.PgConnection@6410b5e6 (This connection has been closed.). Possibly consider using a shorter maxLifetime value.
2025-10-10 08:25:05 [metadata_catalogue:housekeeper] WARN  com.zaxxer.hikari.pool.PoolBase - metadata_catalogue - Failed to validate connection org.postgresql.jdbc.PgConnection@37f89a88 (This connection has been closed.). Possibly consider using a shorter maxLifetime value.
2025-10-10 08:25:07 [metadata_catalogue:housekeeper] WARN  com.zaxxer.hikari.pool.PoolBase - metadata_catalogue - Failed to validate connection org.postgresql.jdbc.PgConnection@eaaa6b9 (This connection has been closed.). Possibly consider using a shorter maxLifetime value.
2025-10-10 08:25:11 [main] INFO  com.zaxxer.hikari.HikariDataSource - metadata_catalogue - Starting...
2025-10-10 08:25:11 [main] INFO  com.zaxxer.hikari.pool.HikariPool - metadata_catalogue - Added connection org.postgresql.jdbc.PgConnection@1e194966
2025-10-10 08:25:11 [main] INFO  com.zaxxer.hikari.HikariDataSource - metadata_catalogue - Start completed.
2025-10-10 08:25:11 [main] INFO  com.zaxxer.hikari.HikariDataSource - metadata_catalogue - Starting...
2025-10-10 08:25:11 [metadata_catalogue:housekeeper] WARN  com.zaxxer.hikari.pool.PoolBase - metadata_catalogue - Failed to validate connection org.postgresql.jdbc.PgConnection@365a7bed (This connection has been closed.). Possibly consider using a shorter maxLifetime value.
2025-10-10 08:25:14 [metadata_catalogue:housekeeper] WARN  com.zaxxer.hikari.pool.PoolBase - metadata_catalogue - Failed to validate connection org.postgresql.jdbc.PgConnection@3b097f4e (This connection has been closed.). Possibly consider using a shorter maxLifetime value.
2025-10-10 08:25:17 [metadata_catalogue:housekeeper] WARN  com.zaxxer.hikari.pool.PoolBase - metadata_catalogue - Failed to validate connection org.postgresql.jdbc.PgConnection@76c590b3 (This connection has been closed.). Possibly consider using a shorter maxLifetime value.
2025-10-10 08:25:20 [main] INFO  com.zaxxer.hikari.HikariDataSource - metadata_catalogue - Starting...
2025-10-10 08:25:20 [main] INFO  com.zaxxer.hikari.pool.HikariPool - metadata_catalogue - Added connection org.postgresql.jdbc.PgConnection@6a9df5
2025-10-10 08:25:20 [main] INFO  com.zaxxer.hikari.HikariDataSource - metadata_catalogue - Start completed.
2025-10-10 08:25:20 [metadata_catalogue:housekeeper] WARN  com.zaxxer.hikari.pool.PoolBase - metadata_catalogue - Failed to validate connection org.postgresql.jdbc.PgConnection@ad72133 (This connection has been closed.). Possibly consider using a shorter maxLifetime value.
2025-10-10 08:25:20 [main] INFO  com.zaxxer.hikari.HikariDataSource - metadata_catalogue - Starting...
2025-10-10 08:25:20 [metadata_catalogue:housekeeper] WARN  com.zaxxer.hikari.pool.PoolBase - metadata_catalogue - Failed to validate connection org.postgresql.jdbc.PgConnection@47bf5521 (This connection has been closed.). Possibly consider using a shorter maxLifetime value.
